#
# A fatal error has been detected by the Java Runtime Environment:
#
#  EXCEPTION_ACCESS_VIOLATION (0xc0000005) at pc=0x062f0360, pid=5880, tid=4804
#
# JRE version: 6.0_25-b06
# Java VM: Java HotSpot(TM) Client VM (20.0-b11 mixed mode, sharing windows-x86 )
# Problematic frame:
# C  [ubitrack.dll+0x20360]
#
# If you would like to submit a bug report, please visit:
#   http://java.sun.com/webapps/bugreport/crash.jsp
# The crash happened outside the Java Virtual Machine in native code.
# See problematic frame for where to report the bug.
#

---------------  T H R E A D  ---------------

Current thread (0x00229800):  JavaThread "main" [_thread_in_native, id=4804, stack(0x00320000,0x00370000)]

siginfo: ExceptionCode=0xc0000005, reading address 0x0000001c

Registers:
EAX=0x0036f994, EBX=0x0036fb78, ECX=0x00000004, EDX=0x0036fa90
ESP=0x0036f950, EBP=0x0036fb78, ESI=0x00000004, EDI=0x00229928
EIP=0x062f0360, EFLAGS=0x00010202

Top of Stack: (sp=0x0036f950)
0x0036f950:   062f3462 0036fb78 00000004 0036fbac
0x0036f960:   0036fb78 ffffffff ffffffff 00000024
0x0036f970:   6dab6d18 0638213c 0036f994 0036fb78
0x0036f980:   ba95f7f3 00229928 0036fa90 0036fbac
0x0036f990:   00000000 00000000 00000004 ffffffff
0x0036f9a0:   ffffffff 152d32c9 0036fa68 00000000
0x0036f9b0:   00000001 00000a96 0036fb50 00000001
0x0036f9c0:   0036fa4c 6d9e5cae 0036fa38 024e82d0 

Instructions: (pc=0x062f0360)
0x062f0340:   24 0c 64 89 0d 00 00 00 00 59 5e 83 c4 10 c2 04
0x062f0350:   00 cc cc cc cc cc cc cc cc cc cc cc cc cc cc cc
0x062f0360:   8b 41 18 56 8b 70 04 80 7e 31 00 57 8b f8 75 31
0x062f0370:   53 8b 5c 24 10 55 8b 2d 3c 41 5c 06 8d 64 24 00 


Register to memory mapping:

EAX=0x0036f994 is pointing into the stack for thread: 0x00229800
EBX=0x0036fb78 is pointing into the stack for thread: 0x00229800
ECX=0x00000004 is an unknown value
EDX=0x0036fa90 is pointing into the stack for thread: 0x00229800
ESP=0x0036f950 is pointing into the stack for thread: 0x00229800
EBP=0x0036fb78 is pointing into the stack for thread: 0x00229800
ESI=0x00000004 is an unknown value
EDI=0x00229928 is an unknown value


Stack: [0x00320000,0x00370000],  sp=0x0036f950,  free space=318k
Native frames: (J=compiled Java code, j=interpreted, Vv=VM code, C=native code)
C  [ubitrack.dll+0x20360]  Ubitrack::Graph::dataflowToGraphviz+0x880
C  0x65736f70

Java frames: (J=compiled Java code, j=interpreted, Vv=VM code)
j  ubitrack.ubitrackJNI.SimpleFacade_setPoseCallback(JLubitrack/SimpleFacade;Ljava/lang/String;JLubitrack/SimplePoseReceiver;)Z+0
j  ubitrack.SimpleFacade.setPoseCallback(Ljava/lang/String;Lubitrack/SimplePoseReceiver;)Z+11
j  utils.UbitrackFacade.setPoseCallback(Ljava/lang/String;Lubitrack/SimplePoseReceiver;)Z+6
j  towerofhanoi.TowerOfHanoi.<init>()V+223
j  towerofhanoi.Main.main([Ljava/lang/String;)V+4
v  ~StubRoutines::call_stub

---------------  P R O C E S S  ---------------

Java Threads: ( => current thread )
  0x04bc4800 JavaThread "J3D-InputDeviceScheduler-1" [_thread_blocked, id=4632, stack(0x0c530000,0x0c580000)]
  0x04bc4000 JavaThread "J3D-SoundSchedulerUpdateThread-1" [_thread_blocked, id=5512, stack(0x0c360000,0x0c3b0000)]
  0x04bc3c00 JavaThread "J3D-RenderStructureUpdateThread-1" [_thread_blocked, id=4480, stack(0x0c290000,0x0c2e0000)]
  0x04bc3400 JavaThread "J3D-BehaviorScheduler-1" [_thread_blocked, id=5588, stack(0x0c1e0000,0x0c230000)]
  0x04bc3000 JavaThread "J3D-TransformStructureUpdateThread-1" [_thread_blocked, id=2316, stack(0x0c100000,0x0c150000)]
  0x04bc2800 JavaThread "J3D-RenderingEnvironmentStructureUpdateThread-1" [_thread_blocked, id=3500, stack(0x0c030000,0x0c080000)]
  0x04bc2400 JavaThread "J3D-SoundStructureUpdateThread-1" [_thread_blocked, id=5024, stack(0x0bf90000,0x0bfe0000)]
  0x04bc1c00 JavaThread "J3D-GeometryStructureUpdateThread-1" [_thread_blocked, id=5892, stack(0x0bee0000,0x0bf30000)]
  0x04bf7000 JavaThread "J3D-BehaviorStructureUpdateThread-1" [_thread_blocked, id=4448, stack(0x0be20000,0x0be70000)]
  0x04bf6c00 JavaThread "D3D Screen Updater" daemon [_thread_blocked, id=2880, stack(0x0add0000,0x0ae20000)]
  0x04bda000 JavaThread "AWT-EventQueue-0" [_thread_blocked, id=3100, stack(0x0a260000,0x0a2b0000)]
  0x04c3e800 JavaThread "J3D-Renderer-1" [_thread_in_native, id=5260, stack(0x0a1d0000,0x0a220000)]
  0x04d5f800 JavaThread "J3D-MasterControl-1" [_thread_blocked, id=1660, stack(0x0a140000,0x0a190000)]
  0x04d5f400 JavaThread "J3D-NotificationThread" [_thread_blocked, id=4740, stack(0x0a0b0000,0x0a100000)]
  0x04d98c00 JavaThread "J3D-TimerThread" [_thread_blocked, id=5656, stack(0x0a020000,0x0a070000)]
  0x04d98400 JavaThread "J3D-RenderingAttributesStructureUpdateThread" [_thread_blocked, id=4012, stack(0x09f90000,0x09fe0000)]
  0x04b5c800 JavaThread "AWT-Windows" daemon [_thread_in_native, id=4744, stack(0x061d0000,0x06220000)]
  0x04b5c000 JavaThread "AWT-Shutdown" [_thread_blocked, id=5536, stack(0x06140000,0x06190000)]
  0x04b5bc00 JavaThread "Java2D Disposer" daemon [_thread_blocked, id=5384, stack(0x060b0000,0x06100000)]
  0x02488400 JavaThread "Low Memory Detector" daemon [_thread_blocked, id=4540, stack(0x04990000,0x049e0000)]
  0x02483c00 JavaThread "C1 CompilerThread0" daemon [_thread_blocked, id=2284, stack(0x04900000,0x04950000)]
  0x02482c00 JavaThread "Attach Listener" daemon [_thread_blocked, id=5992, stack(0x04870000,0x048c0000)]
  0x0247fc00 JavaThread "Signal Dispatcher" daemon [_thread_blocked, id=3616, stack(0x047e0000,0x04830000)]
  0x02474c00 JavaThread "Finalizer" daemon [_thread_blocked, id=5532, stack(0x04750000,0x047a0000)]
  0x02472c00 JavaThread "Reference Handler" daemon [_thread_blocked, id=4000, stack(0x046c0000,0x04710000)]
=>0x00229800 JavaThread "main" [_thread_in_native, id=4804, stack(0x00320000,0x00370000)]

Other Threads:
  0x02436800 VMThread [stack: 0x04670000,0x046c0000] [id=5828]
  0x02489800 WatcherThread [stack: 0x04a20000,0x04a70000] [id=2768]

VM state:not at safepoint (normal execution)

VM Mutex/Monitor currently owned by a thread: None

Heap
 def new generation   total 4928K, used 3286K [0x24590000, 0x24ae0000, 0x29ae0000)
  eden space 4416K,  66% used [0x24590000, 0x2486dd78, 0x249e0000)
  from space 512K,  68% used [0x249e0000, 0x24a37aa8, 0x24a60000)
  to   space 512K,   0% used [0x24a60000, 0x24a60000, 0x24ae0000)
 tenured generation   total 10944K, used 972K [0x29ae0000, 0x2a590000, 0x34590000)
   the space 10944K,   8% used [0x29ae0000, 0x29bd3018, 0x29bd3200, 0x2a590000)
 compacting perm gen  total 12288K, used 3631K [0x34590000, 0x35190000, 0x38590000)
   the space 12288K,  29% used [0x34590000, 0x3491bd08, 0x3491be00, 0x35190000)
    ro space 10240K,  54% used [0x38590000, 0x38b0e770, 0x38b0e800, 0x38f90000)
    rw space 12288K,  55% used [0x38f90000, 0x39634ac8, 0x39634c00, 0x39b90000)

Code Cache  [0x024e0000, 0x025b0000, 0x044e0000)
 total_blobs=505 nmethods=195 adapters=246 free_code_cache=32706944 largest_free_block=0

Dynamic libraries:
0x00400000 - 0x00424000 	C:\netbeans\jdk32\bin\java.exe
0x76f60000 - 0x770e0000 	C:\Windows\SysWOW64\ntdll.dll
0x75a30000 - 0x75b40000 	C:\Windows\syswow64\kernel32.dll
0x76580000 - 0x765c6000 	C:\Windows\syswow64\KERNELBASE.dll
0x761c0000 - 0x76260000 	C:\Windows\syswow64\ADVAPI32.dll
0x76110000 - 0x761bc000 	C:\Windows\syswow64\msvcrt.dll
0x764d0000 - 0x764e9000 	C:\Windows\SysWOW64\sechost.dll
0x74b40000 - 0x74c30000 	C:\Windows\syswow64\RPCRT4.dll
0x74650000 - 0x746b0000 	C:\Windows\syswow64\SspiCli.dll
0x74640000 - 0x7464c000 	C:\Windows\syswow64\CRYPTBASE.dll
0x7c340000 - 0x7c396000 	C:\netbeans\jdk32\jre\bin\msvcr71.dll
0x6d8a0000 - 0x6db4f000 	C:\netbeans\jdk32\jre\bin\client\jvm.dll
0x74710000 - 0x74810000 	C:\Windows\syswow64\USER32.dll
0x75d70000 - 0x75e00000 	C:\Windows\syswow64\GDI32.dll
0x74810000 - 0x7481a000 	C:\Windows\syswow64\LPK.dll
0x74c30000 - 0x74ccd000 	C:\Windows\syswow64\USP10.dll
0x720a0000 - 0x720d2000 	C:\Windows\system32\WINMM.dll
0x76610000 - 0x76670000 	C:\Windows\system32\IMM32.DLL
0x74830000 - 0x748fc000 	C:\Windows\syswow64\MSCTF.dll
0x742f0000 - 0x7433c000 	C:\Windows\system32\apphelp.dll
0x6d850000 - 0x6d85c000 	C:\netbeans\jdk32\jre\bin\verify.dll
0x6d3d0000 - 0x6d3ef000 	C:\netbeans\jdk32\jre\bin\java.dll
0x75b40000 - 0x75b45000 	C:\Windows\syswow64\PSAPI.DLL
0x6d890000 - 0x6d89f000 	C:\netbeans\jdk32\jre\bin\zip.dll
0x10000000 - 0x1000e000 	C:\netbeans\jdk32\jre\bin\j3dcore-ogl-chk.dll
0x70b80000 - 0x70c48000 	C:\Windows\system32\OPENGL32.dll
0x73cc0000 - 0x73ce2000 	C:\Windows\system32\GLU32.dll
0x70a10000 - 0x70af7000 	C:\Windows\system32\DDRAW.dll
0x739f0000 - 0x739f6000 	C:\Windows\system32\DCIMAN32.dll
0x74920000 - 0x74abd000 	C:\Windows\syswow64\SETUPAPI.dll
0x76670000 - 0x76697000 	C:\Windows\syswow64\CFGMGR32.dll
0x75b60000 - 0x75bef000 	C:\Windows\syswow64\OLEAUT32.dll
0x76370000 - 0x764cc000 	C:\Windows\syswow64\ole32.dll
0x74900000 - 0x74912000 	C:\Windows\syswow64\DEVOBJ.dll
0x72000000 - 0x72013000 	C:\Windows\system32\dwmapi.dll
0x72020000 - 0x720a0000 	C:\Windows\system32\uxtheme.dll
0x73f50000 - 0x73f57000 	C:\Windows\system32\atiglpxx.dll
0x69030000 - 0x69d28000 	C:\Windows\system32\atioglxx.dll
0x73fb0000 - 0x73fb9000 	C:\Windows\system32\VERSION.dll
0x765d0000 - 0x76605000 	C:\Windows\syswow64\WS2_32.dll
0x75b50000 - 0x75b56000 	C:\Windows\syswow64\NSI.dll
0x73f00000 - 0x73f07000 	C:\Windows\system32\atigktxx.dll
0x05070000 - 0x050a8000 	C:\Windows\system32\atiadlxy.dll
0x74ac0000 - 0x74aed000 	C:\Windows\syswow64\WINTRUST.dll
0x75e00000 - 0x75f1d000 	C:\Windows\syswow64\CRYPT32.dll
0x74820000 - 0x7482c000 	C:\Windows\syswow64\MSASN1.dll
0x6d0b0000 - 0x6d1fb000 	C:\netbeans\jdk32\jre\bin\awt.dll
0x73950000 - 0x739a1000 	C:\Windows\system32\WINSPOOL.DRV
0x721d0000 - 0x7236e000 	C:\Windows\WinSxS\x86_microsoft.windows.common-controls_6595b64144ccf1df_6.0.7601.17514_none_41e6975e2bd6f2b2\COMCTL32.dll
0x75bf0000 - 0x75c47000 	C:\Windows\syswow64\SHLWAPI.dll
0x6d400000 - 0x6d406000 	C:\netbeans\jdk32\jre\bin\jawt.dll
0x05170000 - 0x05199000 	C:\netbeans\jdk32\jre\bin\j3dcore-ogl.dll
0x050b0000 - 0x050c0000 	C:\lib\ext\ubitrack_java.dll
0x062d0000 - 0x0662f000 	C:\lib\ext\ubitrack.dll
0x05480000 - 0x054a7000 	C:\lib\ext\log4cpp.dll
0x74250000 - 0x74257000 	C:\Windows\system32\WSOCK32.dll
0x70d50000 - 0x70dde000 	C:\Windows\WinSxS\x86_microsoft.vc90.crt_1fc8b3b9a1e18e3b_9.0.30729.6161_none_50934f2ebcb7eb57\MSVCP90.dll
0x6fb80000 - 0x6fc23000 	C:\Windows\WinSxS\x86_microsoft.vc90.crt_1fc8b3b9a1e18e3b_9.0.30729.6161_none_50934f2ebcb7eb57\MSVCR90.dll
0x6d2e0000 - 0x6d32f000 	C:\netbeans\jdk32\jre\bin\fontmanager.dll
0x6a360000 - 0x6a523000 	C:\Windows\system32\d3d9.dll
0x738f0000 - 0x738f6000 	C:\Windows\system32\d3d8thk.dll
0x6fc30000 - 0x6fc38000 	C:\Windows\system32\atiu9pag.dll
0x674c0000 - 0x67836000 	C:\Windows\system32\atiumdag.dll
0x651e0000 - 0x654bf000 	C:\Windows\system32\atiumdva.dll
0x74de0000 - 0x75a2a000 	C:\Windows\syswow64\shell32.dll
0x0a2b0000 - 0x0a371000 	C:\Users\gokhan\Documents\NetBeansProjects\TowerOfHanoi\libs\ubitrack\bin\ubitrack\2D3DPoseEstimation.dll
0x0ad00000 - 0x0ad1d000 	C:\Users\gokhan\Documents\NetBeansProjects\TowerOfHanoi\libs\ubitrack\bin\ubitrack\AbsoluteOrientation.dll
0x0ad30000 - 0x0ad4c000 	C:\Users\gokhan\Documents\NetBeansProjects\TowerOfHanoi\libs\ubitrack\bin\ubitrack\AbsoluteOrientationRANSAC.dll
0x0ad60000 - 0x0ad78000 	C:\Users\gokhan\Documents\NetBeansProjects\TowerOfHanoi\libs\ubitrack\bin\ubitrack\Accumulator.dll
0x0b080000 - 0x0b093000 	C:\Users\gokhan\Documents\NetBeansProjects\TowerOfHanoi\libs\ubitrack\bin\ubitrack\Aggregator.dll
0x0b0b0000 - 0x0b0c3000 	C:\Users\gokhan\Documents\NetBeansProjects\TowerOfHanoi\libs\ubitrack\bin\ubitrack\ApplicationEndpointsVision.dll
0x0b0d0000 - 0x0b206000 	C:\lib\ext\utvision.dll
0x0b210000 - 0x0b498000 	C:\lib\ext\cv210.dll
0x6ba40000 - 0x6bc5e000 	C:\lib\ext\cxcore210.dll
0x0b4b0000 - 0x0b4c0000 	C:\Users\gokhan\Documents\NetBeansProjects\TowerOfHanoi\libs\ubitrack\bin\ubitrack\ApplicationPullSink.dll
0x0b4d0000 - 0x0b4e6000 	C:\Users\gokhan\Documents\NetBeansProjects\TowerOfHanoi\libs\ubitrack\bin\ubitrack\ApplicationPushSink.dll
0x0b500000 - 0x0b521000 	C:\Users\gokhan\Documents\NetBeansProjects\TowerOfHanoi\libs\ubitrack\bin\ubitrack\ApplicationPushSource.dll
0x0b540000 - 0x0b56f000 	C:\Users\gokhan\Documents\NetBeansProjects\TowerOfHanoi\libs\ubitrack\bin\ubitrack\art.dll
0x0b580000 - 0x0b58c000 	C:\Users\gokhan\Documents\NetBeansProjects\TowerOfHanoi\libs\ubitrack\bin\ubitrack\artBodyFileReader.dll
0x0b5a0000 - 0x0b662000 	C:\Users\gokhan\Documents\NetBeansProjects\TowerOfHanoi\libs\ubitrack\bin\ubitrack\artErrorEstimator.dll
0x0b690000 - 0x0b6b8000 	C:\Users\gokhan\Documents\NetBeansProjects\TowerOfHanoi\libs\ubitrack\bin\ubitrack\artSender.dll
0x0b750000 - 0x0b77f000 	C:\Users\gokhan\Documents\NetBeansProjects\TowerOfHanoi\libs\ubitrack\bin\ubitrack\Average.dll
0x0b790000 - 0x0b7a7000 	C:\Users\gokhan\Documents\NetBeansProjects\TowerOfHanoi\libs\ubitrack\bin\ubitrack\AVIFrameGrabber.dll
0x6fa80000 - 0x6fb4a000 	C:\lib\ext\highgui210.dll
0x73d00000 - 0x73d19000 	C:\Windows\system32\AVIFIL32.dll
0x708a0000 - 0x708b4000 	C:\Windows\system32\MSACM32.dll
0x6c9a0000 - 0x6c9c1000 	C:\Windows\system32\MSVFW32.dll
0x73ca0000 - 0x73cb3000 	C:\Windows\system32\AVICAP32.dll
0x70870000 - 0x70889000 	C:\Windows\system32\OLEPRO32.DLL
0x0b7f0000 - 0x0b809000 	C:\Users\gokhan\Documents\NetBeansProjects\TowerOfHanoi\libs\ubitrack\bin\ubitrack\Buffer.dll
0x0b820000 - 0x0b8af000 	C:\Users\gokhan\Documents\NetBeansProjects\TowerOfHanoi\libs\ubitrack\bin\ubitrack\CalibFile.dll
0x0b8c0000 - 0x0b8d4000 	C:\Users\gokhan\Documents\NetBeansProjects\TowerOfHanoi\libs\ubitrack\bin\ubitrack\CalibServer.dll
0x0b8f0000 - 0x0b90f000 	C:\Users\gokhan\Documents\NetBeansProjects\TowerOfHanoi\libs\ubitrack\bin\ubitrack\CastComponent.dll
0x0b920000 - 0x0b934000 	C:\Users\gokhan\Documents\NetBeansProjects\TowerOfHanoi\libs\ubitrack\bin\ubitrack\ChessBoardDetection.dll
0x0b950000 - 0x0ba50000 	C:\lib\ext\cxcore100.dll
0x0ba50000 - 0x0ba85000 	C:\lib\ext\libguide40.dll
0x0ba90000 - 0x0bb64000 	C:\lib\ext\cv100.dll
0x0bc80000 - 0x0bc99000 	C:\Users\gokhan\Documents\NetBeansProjects\TowerOfHanoi\libs\ubitrack\bin\ubitrack\ChessboardFunctions.dll
0x0bcb0000 - 0x0bcc7000 	C:\Users\gokhan\Documents\NetBeansProjects\TowerOfHanoi\libs\ubitrack\bin\ubitrack\ChessBoardTracking.dll
0x0bce0000 - 0x0bcfd000 	C:\Users\gokhan\Documents\NetBeansProjects\TowerOfHanoi\libs\ubitrack\bin\ubitrack\Collector.dll
0x0bd10000 - 0x0bd20000 	C:\Users\gokhan\Documents\NetBeansProjects\TowerOfHanoi\libs\ubitrack\bin\ubitrack\Color2Grayscale.dll
0x0bd30000 - 0x0bd3f000 	C:\Users\gokhan\Documents\NetBeansProjects\TowerOfHanoi\libs\ubitrack\bin\ubitrack\Countdown.dll
0x0bd50000 - 0x0bd6c000 	C:\Users\gokhan\Documents\NetBeansProjects\TowerOfHanoi\libs\ubitrack\bin\ubitrack\CovarianceEstimation.dll
0x0bd80000 - 0x0bd96000 	C:\Users\gokhan\Documents\NetBeansProjects\TowerOfHanoi\libs\ubitrack\bin\ubitrack\Delay.dll
0x0bdb0000 - 0x0bdc7000 	C:\Users\gokhan\Documents\NetBeansProjects\TowerOfHanoi\libs\ubitrack\bin\ubitrack\Direction.dll
0x0be70000 - 0x0be83000 	C:\Users\gokhan\Documents\NetBeansProjects\TowerOfHanoi\libs\ubitrack\bin\ubitrack\DirectShowFrameGrabber.dll
0x0bf30000 - 0x0bf47000 	C:\Users\gokhan\Documents\NetBeansProjects\TowerOfHanoi\libs\ubitrack\bin\ubitrack\Distance.dll
0x0c080000 - 0x0c0a3000 	C:\Users\gokhan\Documents\NetBeansProjects\TowerOfHanoi\libs\ubitrack\bin\ubitrack\ExponentialSmoothing.dll
0x0c150000 - 0x0c165000 	C:\Users\gokhan\Documents\NetBeansProjects\TowerOfHanoi\libs\ubitrack\bin\ubitrack\FindSubPixelCorner.dll
0x0c180000 - 0x0c18d000 	C:\Users\gokhan\Documents\NetBeansProjects\TowerOfHanoi\libs\ubitrack\bin\ubitrack\FrameBuffer.dll
0x0c230000 - 0x0c246000 	C:\Users\gokhan\Documents\NetBeansProjects\TowerOfHanoi\libs\ubitrack\bin\ubitrack\FunctionalFusion.dll
0x0c2f0000 - 0x0c31c000 	C:\Users\gokhan\Documents\NetBeansProjects\TowerOfHanoi\libs\ubitrack\bin\ubitrack\Gate.dll
0x0c4c0000 - 0x0c4d8000 	C:\Users\gokhan\Documents\NetBeansProjects\TowerOfHanoi\libs\ubitrack\bin\ubitrack\gps.dll
0x0c580000 - 0x0c59b000 	C:\Users\gokhan\Documents\NetBeansProjects\TowerOfHanoi\libs\ubitrack\bin\ubitrack\HandEyeCalibration.dll
0x0c5b0000 - 0x0c5c6000 	C:\Users\gokhan\Documents\NetBeansProjects\TowerOfHanoi\libs\ubitrack\bin\ubitrack\HighguiFrameGrabber.dll
0x0c640000 - 0x0c663000 	C:\Users\gokhan\Documents\NetBeansProjects\TowerOfHanoi\libs\ubitrack\bin\ubitrack\HighguiWindow.dll
0x0c680000 - 0x0c69a000 	C:\Users\gokhan\Documents\NetBeansProjects\TowerOfHanoi\libs\ubitrack\bin\ubitrack\Identity.dll
0x0c5f0000 - 0x0c607000 	C:\Users\gokhan\Documents\NetBeansProjects\TowerOfHanoi\libs\ubitrack\bin\ubitrack\ImageFileFrameGrabber.dll
0x0c6b0000 - 0x0c6bd000 	C:\Users\gokhan\Documents\NetBeansProjects\TowerOfHanoi\libs\ubitrack\bin\ubitrack\ImageFileRecorder.dll
0x0c6d0000 - 0x0c6e1000 	C:\Users\gokhan\Documents\NetBeansProjects\TowerOfHanoi\libs\ubitrack\bin\ubitrack\ImageGate.dll
0x0c700000 - 0x0c70d000 	C:\Users\gokhan\Documents\NetBeansProjects\TowerOfHanoi\libs\ubitrack\bin\ubitrack\ImageIO.dll
0x0c720000 - 0x0c78e000 	C:\Users\gokhan\Documents\NetBeansProjects\TowerOfHanoi\libs\ubitrack\bin\ubitrack\ImagePointPlaneIntersection.dll
0x0c7a0000 - 0x0c7b0000 	C:\Users\gokhan\Documents\NetBeansProjects\TowerOfHanoi\libs\ubitrack\bin\ubitrack\ImageShrink.dll
0x0c7c0000 - 0x0c7de000 	C:\Users\gokhan\Documents\NetBeansProjects\TowerOfHanoi\libs\ubitrack\bin\ubitrack\Intrinsic.dll
0x0c7f0000 - 0x0c815000 	C:\Users\gokhan\Documents\NetBeansProjects\TowerOfHanoi\libs\ubitrack\bin\ubitrack\Inversion.dll
0x0c830000 - 0x0c84d000 	C:\Users\gokhan\Documents\NetBeansProjects\TowerOfHanoi\libs\ubitrack\bin\ubitrack\kuka.dll
0x0c860000 - 0x0c877000 	C:\Users\gokhan\Documents\NetBeansProjects\TowerOfHanoi\libs\ubitrack\bin\ubitrack\LightPointDetection.dll
0x0c890000 - 0x0c8a5000 	C:\Users\gokhan\Documents\NetBeansProjects\TowerOfHanoi\libs\ubitrack\bin\ubitrack\LinearInterpolation.dll

VM Arguments:
jvm_args: -Dfile.encoding=x-MacTurkish 
java_command: towerofhanoi.Main
Launcher Type: SUN_STANDARD

Environment Variables:
PATH=C:\Program Files (x86)\Nokia\PC Connectivity Solution\;C:\Program Files\Common Files\Microsoft Shared\Windows Live;C:\Program Files (x86)\Common Files\Microsoft Shared\Windows Live;C:\Windows\system32;C:\Windows;C:\Windows\System32\Wbem;C:\Windows\System32\WindowsPowerShell\v1.0\;C:\Program Files (x86)\ATI Technologies\ATI.ACE\Core-Static;C:\Program Files\WIDCOMM\Bluetooth Software\;C:\Program Files\WIDCOMM\Bluetooth Software\syswow64;c:\Program Files (x86)\Microsoft SQL Server\90\Tools\binn\;C:\Program Files (x86)\Windows Live\Shared;C:\lib\ext
USERNAME=gokhan
OS=Windows_NT
PROCESSOR_IDENTIFIER=Intel64 Family 6 Model 30 Stepping 5, GenuineIntel



---------------  S Y S T E M  ---------------

OS: Windows 7 Build 7601 Service Pack 1

CPU:total 8 (4 cores per cpu, 2 threads per core) family 6 model 30 stepping 5, cmov, cx8, fxsr, mmx, sse, sse2, sse3, ssse3, sse4.1, sse4.2, popcnt, ht

Memory: 4k page, physical 4117020k(2026480k free), swap 8232192k(5690968k free)

vm_info: Java HotSpot(TM) Client VM (20.0-b11) for windows-x86 JRE (1.6.0_25-b06), built on Apr 14 2011 01:04:32 by "java_re" with MS VC++ 7.1 (VS2003)

time: Thu Jul 07 20:58:43 2011
elapsed time: 2 seconds

