#
# A fatal error has been detected by the Java Runtime Environment:
#
#  EXCEPTION_ACCESS_VIOLATION (0xc0000005) at pc=0x06fa0360, pid=2788, tid=5908
#
# JRE version: 6.0_25-b06
# Java VM: Java HotSpot(TM) Client VM (20.0-b11 mixed mode, sharing windows-x86 )
# Problematic frame:
# C  [ubitrack.dll+0x20360]
#
# If you would like to submit a bug report, please visit:
#   http://java.sun.com/webapps/bugreport/crash.jsp
# The crash happened outside the Java Virtual Machine in native code.
# See problematic frame for where to report the bug.
#

---------------  T H R E A D  ---------------

Current thread (0x00c39800):  JavaThread "main" [_thread_in_native, id=5908, stack(0x003a0000,0x003f0000)]

siginfo: ExceptionCode=0xc0000005, reading address 0x0000001c

Registers:
EAX=0x003ef994, EBX=0x003efb78, ECX=0x00000004, EDX=0x003efa90
ESP=0x003ef950, EBP=0x003efb78, ESI=0x00000004, EDI=0x00c39928
EIP=0x06fa0360, EFLAGS=0x00010202

Top of Stack: (sp=0x003ef950)
0x003ef950:   06fa3462 003efb78 00000004 003efbac
0x003ef960:   003efb78 ffffffff ffffffff 00000024
0x003ef970:   6dab6d18 0703213c 003ef994 003efb78
0x003ef980:   02de0255 00c39928 003efa90 003efbac
0x003ef990:   00000000 00000000 00000004 ffffffff
0x003ef9a0:   ffffffff 152d32c9 003efa68 00000000
0x003ef9b0:   00000001 00000a96 003efb50 00000001
0x003ef9c0:   003efa4c 6d9e5cae 003efa38 024682d0 

Instructions: (pc=0x06fa0360)
0x06fa0340:   24 0c 64 89 0d 00 00 00 00 59 5e 83 c4 10 c2 04
0x06fa0350:   00 cc cc cc cc cc cc cc cc cc cc cc cc cc cc cc
0x06fa0360:   8b 41 18 56 8b 70 04 80 7e 31 00 57 8b f8 75 31
0x06fa0370:   53 8b 5c 24 10 55 8b 2d 3c 41 27 07 8d 64 24 00 


Register to memory mapping:

EAX=0x003ef994 is pointing into the stack for thread: 0x00c39800
EBX=0x003efb78 is pointing into the stack for thread: 0x00c39800
ECX=0x00000004 is an unknown value
EDX=0x003efa90 is pointing into the stack for thread: 0x00c39800
ESP=0x003ef950 is pointing into the stack for thread: 0x00c39800
EBP=0x003efb78 is pointing into the stack for thread: 0x00c39800
ESI=0x00000004 is an unknown value
EDI=0x00c39928 is an unknown value


Stack: [0x003a0000,0x003f0000],  sp=0x003ef950,  free space=318k
Native frames: (J=compiled Java code, j=interpreted, Vv=VM code, C=native code)
C  [ubitrack.dll+0x20360]  Ubitrack::Graph::dataflowToGraphviz+0x880
C  0x65736f70

Java frames: (J=compiled Java code, j=interpreted, Vv=VM code)
j  ubitrack.ubitrackJNI.SimpleFacade_setPoseCallback(JLubitrack/SimpleFacade;Ljava/lang/String;JLubitrack/SimplePoseReceiver;)Z+0
j  ubitrack.SimpleFacade.setPoseCallback(Ljava/lang/String;Lubitrack/SimplePoseReceiver;)Z+11
j  utils.UbitrackFacade.setPoseCallback(Ljava/lang/String;Lubitrack/SimplePoseReceiver;)Z+6
j  towerofhanoi.TowerOfHanoi.<init>()V+223
j  towerofhanoi.Main.main([Ljava/lang/String;)V+4
v  ~StubRoutines::call_stub

---------------  P R O C E S S  ---------------

Java Threads: ( => current thread )
  0x04c12000 JavaThread "J3D-InputDeviceScheduler-1" [_thread_blocked, id=3416, stack(0x0d1a0000,0x0d1f0000)]
  0x04c11800 JavaThread "J3D-SoundSchedulerUpdateThread-1" [_thread_blocked, id=1584, stack(0x0d080000,0x0d0d0000)]
  0x04c11400 JavaThread "J3D-RenderStructureUpdateThread-1" [_thread_blocked, id=4324, stack(0x0cfd0000,0x0d020000)]
  0x04c10c00 JavaThread "J3D-BehaviorScheduler-1" [_thread_blocked, id=1512, stack(0x0cf00000,0x0cf50000)]
  0x04c10800 JavaThread "J3D-TransformStructureUpdateThread-1" [_thread_blocked, id=4280, stack(0x0ce00000,0x0ce50000)]
  0x04c10000 JavaThread "J3D-RenderingEnvironmentStructureUpdateThread-1" [_thread_blocked, id=5744, stack(0x0cd60000,0x0cdb0000)]
  0x04c0fc00 JavaThread "J3D-SoundStructureUpdateThread-1" [_thread_blocked, id=4576, stack(0x0cca0000,0x0ccf0000)]
  0x04c0f400 JavaThread "J3D-GeometryStructureUpdateThread-1" [_thread_blocked, id=4472, stack(0x0cbe0000,0x0cc30000)]
  0x04b55800 JavaThread "J3D-BehaviorStructureUpdateThread-1" [_thread_blocked, id=5100, stack(0x0ca20000,0x0ca70000)]
  0x04b55400 JavaThread "D3D Screen Updater" daemon [_thread_in_native, id=2128, stack(0x0b9b0000,0x0ba00000)]
  0x04b41c00 JavaThread "AWT-EventQueue-0" [_thread_blocked, id=5488, stack(0x0af70000,0x0afc0000)]
  0x04b41800 JavaThread "J3D-Renderer-1" [_thread_in_native, id=4964, stack(0x0aee0000,0x0af30000)]
  0x04c08c00 JavaThread "J3D-MasterControl-1" [_thread_blocked, id=5620, stack(0x0ae50000,0x0aea0000)]
  0x04c08400 JavaThread "J3D-NotificationThread" [_thread_blocked, id=5736, stack(0x0adc0000,0x0ae10000)]
  0x04c08000 JavaThread "J3D-TimerThread" [_thread_blocked, id=5816, stack(0x0ad30000,0x0ad80000)]
  0x04b62800 JavaThread "J3D-RenderingAttributesStructureUpdateThread" [_thread_blocked, id=4240, stack(0x0aca0000,0x0acf0000)]
  0x04aecc00 JavaThread "AWT-Windows" daemon [_thread_in_native, id=5540, stack(0x06e60000,0x06eb0000)]
  0x04aec800 JavaThread "AWT-Shutdown" [_thread_blocked, id=5392, stack(0x06dc0000,0x06e10000)]
  0x04b11800 JavaThread "Java2D Disposer" daemon [_thread_blocked, id=3464, stack(0x06d30000,0x06d80000)]
  0x02409000 JavaThread "Low Memory Detector" daemon [_thread_blocked, id=5036, stack(0x04950000,0x049a0000)]
  0x02404400 JavaThread "C1 CompilerThread0" daemon [_thread_blocked, id=5172, stack(0x048c0000,0x04910000)]
  0x02403400 JavaThread "Attach Listener" daemon [_thread_blocked, id=1616, stack(0x04830000,0x04880000)]
  0x02400400 JavaThread "Signal Dispatcher" daemon [_thread_blocked, id=2732, stack(0x047a0000,0x047f0000)]
  0x023f4c00 JavaThread "Finalizer" daemon [_thread_blocked, id=3864, stack(0x04710000,0x04760000)]
  0x023f2c00 JavaThread "Reference Handler" daemon [_thread_blocked, id=2104, stack(0x04680000,0x046d0000)]
=>0x00c39800 JavaThread "main" [_thread_in_native, id=5908, stack(0x003a0000,0x003f0000)]

Other Threads:
  0x023b6800 VMThread [stack: 0x045f0000,0x04640000] [id=1076]
  0x0241f400 WatcherThread [stack: 0x049e0000,0x04a30000] [id=6052]

VM state:not at safepoint (normal execution)

VM Mutex/Monitor currently owned by a thread: None

Heap
 def new generation   total 4928K, used 3330K [0x24590000, 0x24ae0000, 0x29ae0000)
  eden space 4416K,  67% used [0x24590000, 0x24878f50, 0x249e0000)
  from space 512K,  68% used [0x249e0000, 0x24a37aa8, 0x24a60000)
  to   space 512K,   0% used [0x24a60000, 0x24a60000, 0x24ae0000)
 tenured generation   total 10944K, used 972K [0x29ae0000, 0x2a590000, 0x34590000)
   the space 10944K,   8% used [0x29ae0000, 0x29bd3018, 0x29bd3200, 0x2a590000)
 compacting perm gen  total 12288K, used 3631K [0x34590000, 0x35190000, 0x38590000)
   the space 12288K,  29% used [0x34590000, 0x3491bcf8, 0x3491be00, 0x35190000)
    ro space 10240K,  54% used [0x38590000, 0x38b0e770, 0x38b0e800, 0x38f90000)
    rw space 12288K,  55% used [0x38f90000, 0x39634ac8, 0x39634c00, 0x39b90000)

Code Cache  [0x02460000, 0x02530000, 0x04460000)
 total_blobs=502 nmethods=192 adapters=246 free_code_cache=32730176 largest_free_block=0

Dynamic libraries:
0x00400000 - 0x00424000 	C:\netbeans\jdk32\bin\java.exe
0x76f60000 - 0x770e0000 	C:\Windows\SysWOW64\ntdll.dll
0x75a30000 - 0x75b40000 	C:\Windows\syswow64\kernel32.dll
0x76580000 - 0x765c6000 	C:\Windows\syswow64\KERNELBASE.dll
0x761c0000 - 0x76260000 	C:\Windows\syswow64\ADVAPI32.dll
0x76110000 - 0x761bc000 	C:\Windows\syswow64\msvcrt.dll
0x764d0000 - 0x764e9000 	C:\Windows\SysWOW64\sechost.dll
0x74b40000 - 0x74c30000 	C:\Windows\syswow64\RPCRT4.dll
0x74650000 - 0x746b0000 	C:\Windows\syswow64\SspiCli.dll
0x74640000 - 0x7464c000 	C:\Windows\syswow64\CRYPTBASE.dll
0x7c340000 - 0x7c396000 	C:\netbeans\jdk32\jre\bin\msvcr71.dll
0x6d8a0000 - 0x6db4f000 	C:\netbeans\jdk32\jre\bin\client\jvm.dll
0x74710000 - 0x74810000 	C:\Windows\syswow64\USER32.dll
0x75d70000 - 0x75e00000 	C:\Windows\syswow64\GDI32.dll
0x74810000 - 0x7481a000 	C:\Windows\syswow64\LPK.dll
0x74c30000 - 0x74ccd000 	C:\Windows\syswow64\USP10.dll
0x720a0000 - 0x720d2000 	C:\Windows\system32\WINMM.dll
0x76610000 - 0x76670000 	C:\Windows\system32\IMM32.DLL
0x74830000 - 0x748fc000 	C:\Windows\syswow64\MSCTF.dll
0x742f0000 - 0x7433c000 	C:\Windows\system32\apphelp.dll
0x6d850000 - 0x6d85c000 	C:\netbeans\jdk32\jre\bin\verify.dll
0x6d3d0000 - 0x6d3ef000 	C:\netbeans\jdk32\jre\bin\java.dll
0x75b40000 - 0x75b45000 	C:\Windows\syswow64\PSAPI.DLL
0x6d890000 - 0x6d89f000 	C:\netbeans\jdk32\jre\bin\zip.dll
0x10000000 - 0x1000e000 	C:\netbeans\jdk32\jre\bin\j3dcore-ogl-chk.dll
0x69400000 - 0x694c8000 	C:\Windows\system32\OPENGL32.dll
0x6eb30000 - 0x6eb52000 	C:\Windows\system32\GLU32.dll
0x70a10000 - 0x70af7000 	C:\Windows\system32\DDRAW.dll
0x739f0000 - 0x739f6000 	C:\Windows\system32\DCIMAN32.dll
0x74920000 - 0x74abd000 	C:\Windows\syswow64\SETUPAPI.dll
0x76670000 - 0x76697000 	C:\Windows\syswow64\CFGMGR32.dll
0x75b60000 - 0x75bef000 	C:\Windows\syswow64\OLEAUT32.dll
0x76370000 - 0x764cc000 	C:\Windows\syswow64\ole32.dll
0x74900000 - 0x74912000 	C:\Windows\syswow64\DEVOBJ.dll
0x72000000 - 0x72013000 	C:\Windows\system32\dwmapi.dll
0x72020000 - 0x720a0000 	C:\Windows\system32\uxtheme.dll
0x73940000 - 0x73947000 	C:\Windows\system32\atiglpxx.dll
0x05230000 - 0x05f28000 	C:\Windows\system32\atioglxx.dll
0x73fb0000 - 0x73fb9000 	C:\Windows\system32\VERSION.dll
0x765d0000 - 0x76605000 	C:\Windows\syswow64\WS2_32.dll
0x75b50000 - 0x75b56000 	C:\Windows\syswow64\NSI.dll
0x73930000 - 0x73937000 	C:\Windows\system32\atigktxx.dll
0x05030000 - 0x05068000 	C:\Windows\system32\atiadlxy.dll
0x74ac0000 - 0x74aed000 	C:\Windows\syswow64\WINTRUST.dll
0x75e00000 - 0x75f1d000 	C:\Windows\syswow64\CRYPT32.dll
0x74820000 - 0x7482c000 	C:\Windows\syswow64\MSASN1.dll
0x6d0b0000 - 0x6d1fb000 	C:\netbeans\jdk32\jre\bin\awt.dll
0x73950000 - 0x739a1000 	C:\Windows\system32\WINSPOOL.DRV
0x721d0000 - 0x7236e000 	C:\Windows\WinSxS\x86_microsoft.windows.common-controls_6595b64144ccf1df_6.0.7601.17514_none_41e6975e2bd6f2b2\COMCTL32.dll
0x75bf0000 - 0x75c47000 	C:\Windows\syswow64\SHLWAPI.dll
0x6d400000 - 0x6d406000 	C:\netbeans\jdk32\jre\bin\jawt.dll
0x06eb0000 - 0x06ed9000 	C:\netbeans\jdk32\jre\bin\j3dcore-ogl.dll
0x050a0000 - 0x050b0000 	C:\lib\ext\ubitrack_java.dll
0x06f80000 - 0x072df000 	C:\lib\ext\ubitrack.dll
0x06ee0000 - 0x06f07000 	C:\lib\ext\log4cpp.dll
0x74250000 - 0x74257000 	C:\Windows\system32\WSOCK32.dll
0x6ca10000 - 0x6ca9e000 	C:\Windows\WinSxS\x86_microsoft.vc90.crt_1fc8b3b9a1e18e3b_9.0.30729.6161_none_50934f2ebcb7eb57\MSVCP90.dll
0x6c8f0000 - 0x6c993000 	C:\Windows\WinSxS\x86_microsoft.vc90.crt_1fc8b3b9a1e18e3b_9.0.30729.6161_none_50934f2ebcb7eb57\MSVCR90.dll
0x6d2e0000 - 0x6d32f000 	C:\netbeans\jdk32\jre\bin\fontmanager.dll
0x6a360000 - 0x6a523000 	C:\Windows\system32\d3d9.dll
0x738f0000 - 0x738f6000 	C:\Windows\system32\d3d8thk.dll
0x73840000 - 0x73848000 	C:\Windows\system32\atiu9pag.dll
0x69fe0000 - 0x6a356000 	C:\Windows\system32\atiumdag.dll
0x69650000 - 0x6992f000 	C:\Windows\system32\atiumdva.dll
0x74de0000 - 0x75a2a000 	C:\Windows\syswow64\shell32.dll
0x0ba00000 - 0x0bac1000 	C:\Users\gokhan\Documents\NetBeansProjects\TowerOfHanoi\libs\ubitrack\bin\ubitrack\2D3DPoseEstimation.dll
0x0b000000 - 0x0b01d000 	C:\Users\gokhan\Documents\NetBeansProjects\TowerOfHanoi\libs\ubitrack\bin\ubitrack\AbsoluteOrientation.dll
0x0bad0000 - 0x0baec000 	C:\Users\gokhan\Documents\NetBeansProjects\TowerOfHanoi\libs\ubitrack\bin\ubitrack\AbsoluteOrientationRANSAC.dll
0x0baf0000 - 0x0bb08000 	C:\Users\gokhan\Documents\NetBeansProjects\TowerOfHanoi\libs\ubitrack\bin\ubitrack\Accumulator.dll
0x0bd30000 - 0x0bd43000 	C:\Users\gokhan\Documents\NetBeansProjects\TowerOfHanoi\libs\ubitrack\bin\ubitrack\Aggregator.dll
0x0bd60000 - 0x0bd73000 	C:\Users\gokhan\Documents\NetBeansProjects\TowerOfHanoi\libs\ubitrack\bin\ubitrack\ApplicationEndpointsVision.dll
0x0bde0000 - 0x0bf16000 	C:\lib\ext\utvision.dll
0x675b0000 - 0x67838000 	C:\lib\ext\cv210.dll
0x67390000 - 0x675ae000 	C:\lib\ext\cxcore210.dll
0x07af0000 - 0x07b00000 	C:\Users\gokhan\Documents\NetBeansProjects\TowerOfHanoi\libs\ubitrack\bin\ubitrack\ApplicationPullSink.dll
0x0bf40000 - 0x0bf56000 	C:\Users\gokhan\Documents\NetBeansProjects\TowerOfHanoi\libs\ubitrack\bin\ubitrack\ApplicationPushSink.dll
0x0bf70000 - 0x0bf91000 	C:\Users\gokhan\Documents\NetBeansProjects\TowerOfHanoi\libs\ubitrack\bin\ubitrack\ApplicationPushSource.dll
0x0bfb0000 - 0x0bfdf000 	C:\Users\gokhan\Documents\NetBeansProjects\TowerOfHanoi\libs\ubitrack\bin\ubitrack\art.dll
0x0bff0000 - 0x0bffc000 	C:\Users\gokhan\Documents\NetBeansProjects\TowerOfHanoi\libs\ubitrack\bin\ubitrack\artBodyFileReader.dll
0x0c010000 - 0x0c0d2000 	C:\Users\gokhan\Documents\NetBeansProjects\TowerOfHanoi\libs\ubitrack\bin\ubitrack\artErrorEstimator.dll
0x0c0f0000 - 0x0c118000 	C:\Users\gokhan\Documents\NetBeansProjects\TowerOfHanoi\libs\ubitrack\bin\ubitrack\artSender.dll
0x0c130000 - 0x0c15f000 	C:\Users\gokhan\Documents\NetBeansProjects\TowerOfHanoi\libs\ubitrack\bin\ubitrack\Average.dll
0x0c170000 - 0x0c187000 	C:\Users\gokhan\Documents\NetBeansProjects\TowerOfHanoi\libs\ubitrack\bin\ubitrack\AVIFrameGrabber.dll
0x672c0000 - 0x6738a000 	C:\lib\ext\highgui210.dll
0x71980000 - 0x71999000 	C:\Windows\system32\AVIFIL32.dll
0x708a0000 - 0x708b4000 	C:\Windows\system32\MSACM32.dll
0x6cf30000 - 0x6cf51000 	C:\Windows\system32\MSVFW32.dll
0x70870000 - 0x70883000 	C:\Windows\system32\AVICAP32.dll
0x6f760000 - 0x6f779000 	C:\Windows\system32\OLEPRO32.DLL
0x0c1d0000 - 0x0c1e9000 	C:\Users\gokhan\Documents\NetBeansProjects\TowerOfHanoi\libs\ubitrack\bin\ubitrack\Buffer.dll
0x0c200000 - 0x0c28f000 	C:\Users\gokhan\Documents\NetBeansProjects\TowerOfHanoi\libs\ubitrack\bin\ubitrack\CalibFile.dll
0x0c2a0000 - 0x0c2b4000 	C:\Users\gokhan\Documents\NetBeansProjects\TowerOfHanoi\libs\ubitrack\bin\ubitrack\CalibServer.dll
0x0c2d0000 - 0x0c2ef000 	C:\Users\gokhan\Documents\NetBeansProjects\TowerOfHanoi\libs\ubitrack\bin\ubitrack\CastComponent.dll
0x0c300000 - 0x0c314000 	C:\Users\gokhan\Documents\NetBeansProjects\TowerOfHanoi\libs\ubitrack\bin\ubitrack\ChessBoardDetection.dll
0x0c330000 - 0x0c430000 	C:\lib\ext\cxcore100.dll
0x0c430000 - 0x0c465000 	C:\lib\ext\libguide40.dll
0x0c470000 - 0x0c544000 	C:\lib\ext\cv100.dll
0x0c650000 - 0x0c669000 	C:\Users\gokhan\Documents\NetBeansProjects\TowerOfHanoi\libs\ubitrack\bin\ubitrack\ChessboardFunctions.dll
0x0c680000 - 0x0c697000 	C:\Users\gokhan\Documents\NetBeansProjects\TowerOfHanoi\libs\ubitrack\bin\ubitrack\ChessBoardTracking.dll
0x0c6b0000 - 0x0c6cd000 	C:\Users\gokhan\Documents\NetBeansProjects\TowerOfHanoi\libs\ubitrack\bin\ubitrack\Collector.dll
0x0c6e0000 - 0x0c6f0000 	C:\Users\gokhan\Documents\NetBeansProjects\TowerOfHanoi\libs\ubitrack\bin\ubitrack\Color2Grayscale.dll
0x0c700000 - 0x0c70f000 	C:\Users\gokhan\Documents\NetBeansProjects\TowerOfHanoi\libs\ubitrack\bin\ubitrack\Countdown.dll
0x0c740000 - 0x0c75c000 	C:\Users\gokhan\Documents\NetBeansProjects\TowerOfHanoi\libs\ubitrack\bin\ubitrack\CovarianceEstimation.dll
0x0c7f0000 - 0x0c806000 	C:\Users\gokhan\Documents\NetBeansProjects\TowerOfHanoi\libs\ubitrack\bin\ubitrack\Delay.dll
0x0c820000 - 0x0c837000 	C:\Users\gokhan\Documents\NetBeansProjects\TowerOfHanoi\libs\ubitrack\bin\ubitrack\Direction.dll
0x0c850000 - 0x0c863000 	C:\Users\gokhan\Documents\NetBeansProjects\TowerOfHanoi\libs\ubitrack\bin\ubitrack\DirectShowFrameGrabber.dll
0x0c880000 - 0x0c897000 	C:\Users\gokhan\Documents\NetBeansProjects\TowerOfHanoi\libs\ubitrack\bin\ubitrack\Distance.dll
0x0c8b0000 - 0x0c8d3000 	C:\Users\gokhan\Documents\NetBeansProjects\TowerOfHanoi\libs\ubitrack\bin\ubitrack\ExponentialSmoothing.dll
0x0c8f0000 - 0x0c905000 	C:\Users\gokhan\Documents\NetBeansProjects\TowerOfHanoi\libs\ubitrack\bin\ubitrack\FindSubPixelCorner.dll
0x0c920000 - 0x0c92d000 	C:\Users\gokhan\Documents\NetBeansProjects\TowerOfHanoi\libs\ubitrack\bin\ubitrack\FrameBuffer.dll
0x0c940000 - 0x0c956000 	C:\Users\gokhan\Documents\NetBeansProjects\TowerOfHanoi\libs\ubitrack\bin\ubitrack\FunctionalFusion.dll
0x0c970000 - 0x0c99c000 	C:\Users\gokhan\Documents\NetBeansProjects\TowerOfHanoi\libs\ubitrack\bin\ubitrack\Gate.dll
0x0c9b0000 - 0x0c9c8000 	C:\Users\gokhan\Documents\NetBeansProjects\TowerOfHanoi\libs\ubitrack\bin\ubitrack\gps.dll
0x0cb70000 - 0x0cb8b000 	C:\Users\gokhan\Documents\NetBeansProjects\TowerOfHanoi\libs\ubitrack\bin\ubitrack\HandEyeCalibration.dll
0x0cc30000 - 0x0cc46000 	C:\Users\gokhan\Documents\NetBeansProjects\TowerOfHanoi\libs\ubitrack\bin\ubitrack\HighguiFrameGrabber.dll
0x0ccf0000 - 0x0cd13000 	C:\Users\gokhan\Documents\NetBeansProjects\TowerOfHanoi\libs\ubitrack\bin\ubitrack\HighguiWindow.dll
0x0ce50000 - 0x0ce6a000 	C:\Users\gokhan\Documents\NetBeansProjects\TowerOfHanoi\libs\ubitrack\bin\ubitrack\Identity.dll
0x0ce80000 - 0x0ce97000 	C:\Users\gokhan\Documents\NetBeansProjects\TowerOfHanoi\libs\ubitrack\bin\ubitrack\ImageFileFrameGrabber.dll
0x0ceb0000 - 0x0cebd000 	C:\Users\gokhan\Documents\NetBeansProjects\TowerOfHanoi\libs\ubitrack\bin\ubitrack\ImageFileRecorder.dll
0x0cf60000 - 0x0cf71000 	C:\Users\gokhan\Documents\NetBeansProjects\TowerOfHanoi\libs\ubitrack\bin\ubitrack\ImageGate.dll
0x0d020000 - 0x0d02d000 	C:\Users\gokhan\Documents\NetBeansProjects\TowerOfHanoi\libs\ubitrack\bin\ubitrack\ImageIO.dll
0x0d0d0000 - 0x0d13e000 	C:\Users\gokhan\Documents\NetBeansProjects\TowerOfHanoi\libs\ubitrack\bin\ubitrack\ImagePointPlaneIntersection.dll
0x0d150000 - 0x0d160000 	C:\Users\gokhan\Documents\NetBeansProjects\TowerOfHanoi\libs\ubitrack\bin\ubitrack\ImageShrink.dll
0x0d200000 - 0x0d21e000 	C:\Users\gokhan\Documents\NetBeansProjects\TowerOfHanoi\libs\ubitrack\bin\ubitrack\Intrinsic.dll
0x0d230000 - 0x0d255000 	C:\Users\gokhan\Documents\NetBeansProjects\TowerOfHanoi\libs\ubitrack\bin\ubitrack\Inversion.dll
0x0d270000 - 0x0d28d000 	C:\Users\gokhan\Documents\NetBeansProjects\TowerOfHanoi\libs\ubitrack\bin\ubitrack\kuka.dll
0x0d2a0000 - 0x0d2b7000 	C:\Users\gokhan\Documents\NetBeansProjects\TowerOfHanoi\libs\ubitrack\bin\ubitrack\LightPointDetection.dll
0x0d2d0000 - 0x0d2e5000 	C:\Users\gokhan\Documents\NetBeansProjects\TowerOfHanoi\libs\ubitrack\bin\ubitrack\LinearInterpolation.dll

VM Arguments:
jvm_args: -Dfile.encoding=x-MacTurkish 
java_command: towerofhanoi.Main
Launcher Type: SUN_STANDARD

Environment Variables:
PATH=C:\Program Files (x86)\Nokia\PC Connectivity Solution\;C:\Program Files\Common Files\Microsoft Shared\Windows Live;C:\Program Files (x86)\Common Files\Microsoft Shared\Windows Live;C:\Windows\system32;C:\Windows;C:\Windows\System32\Wbem;C:\Windows\System32\WindowsPowerShell\v1.0\;C:\Program Files (x86)\ATI Technologies\ATI.ACE\Core-Static;C:\Program Files\WIDCOMM\Bluetooth Software\;C:\Program Files\WIDCOMM\Bluetooth Software\syswow64;c:\Program Files (x86)\Microsoft SQL Server\90\Tools\binn\;C:\Program Files (x86)\Windows Live\Shared;C:\lib\ext
USERNAME=gokhan
OS=Windows_NT
PROCESSOR_IDENTIFIER=Intel64 Family 6 Model 30 Stepping 5, GenuineIntel



---------------  S Y S T E M  ---------------

OS: Windows 7 Build 7601 Service Pack 1

CPU:total 8 (4 cores per cpu, 2 threads per core) family 6 model 30 stepping 5, cmov, cx8, fxsr, mmx, sse, sse2, sse3, ssse3, sse4.1, sse4.2, popcnt, ht

Memory: 4k page, physical 4117020k(1945668k free), swap 8232192k(5551712k free)

vm_info: Java HotSpot(TM) Client VM (20.0-b11) for windows-x86 JRE (1.6.0_25-b06), built on Apr 14 2011 01:04:32 by "java_re" with MS VC++ 7.1 (VS2003)

time: Thu Jul 07 20:28:31 2011
elapsed time: 16 seconds

