#
# A fatal error has been detected by the Java Runtime Environment:
#
#  EXCEPTION_ACCESS_VIOLATION (0xc0000005) at pc=0x06390360, pid=7948, tid=4516
#
# JRE version: 6.0_25-b06
# Java VM: Java HotSpot(TM) Client VM (20.0-b11 mixed mode, sharing windows-x86 )
# Problematic frame:
# C  [ubitrack.dll+0x20360]
#
# If you would like to submit a bug report, please visit:
#   http://java.sun.com/webapps/bugreport/crash.jsp
# The crash happened outside the Java Virtual Machine in native code.
# See problematic frame for where to report the bug.
#

---------------  T H R E A D  ---------------

Current thread (0x00349800):  JavaThread "main" [_thread_in_native, id=4516, stack(0x002b0000,0x00300000)]

siginfo: ExceptionCode=0xc0000005, reading address 0x0000001c

Registers:
EAX=0x002ff994, EBX=0x002ffb78, ECX=0x00000004, EDX=0x002ffa90
ESP=0x002ff950, EBP=0x002ffb78, ESI=0x00000004, EDI=0x00349928
EIP=0x06390360, EFLAGS=0x00010202

Top of Stack: (sp=0x002ff950)
0x002ff950:   06393462 002ffb78 00000004 002ffbac
0x002ff960:   002ffb78 ffffffff ffffffff 00000024
0x002ff970:   6dab6d18 0642213c 002ff994 002ffb78
0x002ff980:   737d9609 00349928 002ffa90 002ffbac
0x002ff990:   00000000 00000000 00000004 ffffffff
0x002ff9a0:   ffffffff 152d32c9 002ffa68 00000000
0x002ff9b0:   00000001 00000a96 002ffb50 00000001
0x002ff9c0:   002ffa4c 6d9e5cae 002ffa38 025282d0 

Instructions: (pc=0x06390360)
0x06390340:   24 0c 64 89 0d 00 00 00 00 59 5e 83 c4 10 c2 04
0x06390350:   00 cc cc cc cc cc cc cc cc cc cc cc cc cc cc cc
0x06390360:   8b 41 18 56 8b 70 04 80 7e 31 00 57 8b f8 75 31
0x06390370:   53 8b 5c 24 10 55 8b 2d 3c 41 66 06 8d 64 24 00 


Register to memory mapping:

EAX=0x002ff994 is pointing into the stack for thread: 0x00349800
EBX=0x002ffb78 is pointing into the stack for thread: 0x00349800
ECX=0x00000004 is an unknown value
EDX=0x002ffa90 is pointing into the stack for thread: 0x00349800
ESP=0x002ff950 is pointing into the stack for thread: 0x00349800
EBP=0x002ffb78 is pointing into the stack for thread: 0x00349800
ESI=0x00000004 is an unknown value
EDI=0x00349928 is an unknown value


Stack: [0x002b0000,0x00300000],  sp=0x002ff950,  free space=318k
Native frames: (J=compiled Java code, j=interpreted, Vv=VM code, C=native code)
C  [ubitrack.dll+0x20360]  Ubitrack::Graph::dataflowToGraphviz+0x880
C  0x65736f70

Java frames: (J=compiled Java code, j=interpreted, Vv=VM code)
j  ubitrack.ubitrackJNI.SimpleFacade_setPoseCallback(JLubitrack/SimpleFacade;Ljava/lang/String;JLubitrack/SimplePoseReceiver;)Z+0
j  ubitrack.SimpleFacade.setPoseCallback(Ljava/lang/String;Lubitrack/SimplePoseReceiver;)Z+11
j  utils.UbitrackFacade.setPoseCallback(Ljava/lang/String;Lubitrack/SimplePoseReceiver;)Z+6
j  towerofhanoi.TowerOfHanoi.<init>()V+116
j  towerofhanoi.Main.main([Ljava/lang/String;)V+4
v  ~StubRoutines::call_stub

---------------  P R O C E S S  ---------------

Java Threads: ( => current thread )
  0x04e83000 JavaThread "J3D-InputDeviceScheduler-1" [_thread_blocked, id=6140, stack(0x0c8d0000,0x0c920000)]
  0x04e82800 JavaThread "J3D-SoundSchedulerUpdateThread-1" [_thread_blocked, id=6212, stack(0x0c7b0000,0x0c800000)]
  0x04e82000 JavaThread "J3D-RenderStructureUpdateThread-1" [_thread_blocked, id=7796, stack(0x0c610000,0x0c660000)]
  0x04e81c00 JavaThread "J3D-BehaviorScheduler-1" [_thread_blocked, id=5004, stack(0x0c550000,0x0c5a0000)]
  0x04e81400 JavaThread "J3D-TransformStructureUpdateThread-1" [_thread_blocked, id=2800, stack(0x0c450000,0x0c4a0000)]
  0x04e81000 JavaThread "J3D-RenderingEnvironmentStructureUpdateThread-1" [_thread_blocked, id=6100, stack(0x0c390000,0x0c3e0000)]
  0x04e80800 JavaThread "J3D-SoundStructureUpdateThread-1" [_thread_blocked, id=7044, stack(0x0c2d0000,0x0c320000)]
  0x04e80400 JavaThread "J3D-GeometryStructureUpdateThread-1" [_thread_blocked, id=444, stack(0x0c220000,0x0c270000)]
  0x04f1cc00 JavaThread "J3D-BehaviorStructureUpdateThread-1" [_thread_blocked, id=6988, stack(0x0c160000,0x0c1b0000)]
  0x04f1c400 JavaThread "D3D Screen Updater" daemon [_thread_blocked, id=1540, stack(0x0b310000,0x0b360000)]
  0x04f18400 JavaThread "AWT-EventQueue-0" [_thread_blocked, id=7332, stack(0x0a8d0000,0x0a920000)]
  0x04f30800 JavaThread "J3D-Renderer-1" [_thread_in_native, id=1168, stack(0x0a840000,0x0a890000)]
  0x04f30400 JavaThread "J3D-MasterControl-1" [_thread_blocked, id=7392, stack(0x0a7b0000,0x0a800000)]
  0x04f2fc00 JavaThread "J3D-NotificationThread" [_thread_blocked, id=7000, stack(0x0a720000,0x0a770000)]
  0x04c4f000 JavaThread "J3D-TimerThread" [_thread_blocked, id=6764, stack(0x0a690000,0x0a6e0000)]
  0x04ba1400 JavaThread "J3D-RenderingAttributesStructureUpdateThread" [_thread_blocked, id=6000, stack(0x0a570000,0x0a5c0000)]
  0x04bb9800 JavaThread "AWT-Windows" daemon [_thread_in_native, id=7236, stack(0x061b0000,0x06200000)]
  0x04bc2000 JavaThread "AWT-Shutdown" [_thread_blocked, id=4008, stack(0x06120000,0x06170000)]
  0x04bc1800 JavaThread "Java2D Disposer" daemon [_thread_blocked, id=5244, stack(0x055c0000,0x05610000)]
  0x006e8800 JavaThread "Low Memory Detector" daemon [_thread_blocked, id=7944, stack(0x049b0000,0x04a00000)]
  0x006e3c00 JavaThread "C1 CompilerThread0" daemon [_thread_in_native, id=6920, stack(0x04920000,0x04970000)]
  0x006e2800 JavaThread "Attach Listener" daemon [_thread_blocked, id=3460, stack(0x04890000,0x048e0000)]
  0x006e1c00 JavaThread "Signal Dispatcher" daemon [_thread_blocked, id=6812, stack(0x04800000,0x04850000)]
  0x006d4c00 JavaThread "Finalizer" daemon [_thread_blocked, id=6724, stack(0x04770000,0x047c0000)]
  0x006d2c00 JavaThread "Reference Handler" daemon [_thread_blocked, id=6756, stack(0x046e0000,0x04730000)]
=>0x00349800 JavaThread "main" [_thread_in_native, id=4516, stack(0x002b0000,0x00300000)]

Other Threads:
  0x00696800 VMThread [stack: 0x04650000,0x046a0000] [id=7284]
  0x006ea400 WatcherThread [stack: 0x04a40000,0x04a90000] [id=5496]

VM state:not at safepoint (normal execution)

VM Mutex/Monitor currently owned by a thread: None

Heap
 def new generation   total 4928K, used 3144K [0x24590000, 0x24ae0000, 0x29ae0000)
  eden space 4416K,  63% used [0x24590000, 0x2484cfe0, 0x249e0000)
  from space 512K,  66% used [0x249e0000, 0x24a350c8, 0x24a60000)
  to   space 512K,   0% used [0x24a60000, 0x24a60000, 0x24ae0000)
 tenured generation   total 10944K, used 784K [0x29ae0000, 0x2a590000, 0x34590000)
   the space 10944K,   7% used [0x29ae0000, 0x29ba4088, 0x29ba4200, 0x2a590000)
 compacting perm gen  total 12288K, used 3634K [0x34590000, 0x35190000, 0x38590000)
   the space 12288K,  29% used [0x34590000, 0x3491cbe8, 0x3491cc00, 0x35190000)
    ro space 10240K,  54% used [0x38590000, 0x38b0e770, 0x38b0e800, 0x38f90000)
    rw space 12288K,  55% used [0x38f90000, 0x39634ac8, 0x39634c00, 0x39b90000)

Code Cache  [0x02520000, 0x025f0000, 0x04520000)
 total_blobs=501 nmethods=191 adapters=246 free_code_cache=32714816 largest_free_block=0

Dynamic libraries:
0x00400000 - 0x00424000 	C:\netbeans\jdk32\bin\java.exe
0x779d0000 - 0x77b50000 	C:\Windows\SysWOW64\ntdll.dll
0x75e90000 - 0x75fa0000 	C:\Windows\syswow64\kernel32.dll
0x75d80000 - 0x75dc6000 	C:\Windows\syswow64\KERNELBASE.dll
0x76df0000 - 0x76e90000 	C:\Windows\syswow64\ADVAPI32.dll
0x76c00000 - 0x76cac000 	C:\Windows\syswow64\msvcrt.dll
0x76e90000 - 0x76ea9000 	C:\Windows\SysWOW64\sechost.dll
0x76200000 - 0x762f0000 	C:\Windows\syswow64\RPCRT4.dll
0x750c0000 - 0x75120000 	C:\Windows\syswow64\SspiCli.dll
0x750b0000 - 0x750bc000 	C:\Windows\syswow64\CRYPTBASE.dll
0x7c340000 - 0x7c396000 	C:\netbeans\jdk32\jre\bin\msvcr71.dll
0x6d8a0000 - 0x6db4f000 	C:\netbeans\jdk32\jre\bin\client\jvm.dll
0x76a00000 - 0x76b00000 	C:\Windows\syswow64\USER32.dll
0x76540000 - 0x765d0000 	C:\Windows\syswow64\GDI32.dll
0x761f0000 - 0x761fa000 	C:\Windows\syswow64\LPK.dll
0x76eb0000 - 0x76f4d000 	C:\Windows\syswow64\USP10.dll
0x73730000 - 0x73762000 	C:\Windows\system32\WINMM.dll
0x76900000 - 0x76960000 	C:\Windows\system32\IMM32.DLL
0x76b00000 - 0x76bcc000 	C:\Windows\syswow64\MSCTF.dll
0x70a50000 - 0x70a9c000 	C:\Windows\system32\apphelp.dll
0x6d850000 - 0x6d85c000 	C:\netbeans\jdk32\jre\bin\verify.dll
0x6d3d0000 - 0x6d3ef000 	C:\netbeans\jdk32\jre\bin\java.dll
0x779a0000 - 0x779a5000 	C:\Windows\syswow64\PSAPI.DLL
0x6d890000 - 0x6d89f000 	C:\netbeans\jdk32\jre\bin\zip.dll
0x6d0b0000 - 0x6d1fb000 	C:\netbeans\jdk32\jre\bin\awt.dll
0x74d70000 - 0x74dc1000 	C:\Windows\system32\WINSPOOL.DRV
0x767a0000 - 0x768fc000 	C:\Windows\syswow64\ole32.dll
0x72970000 - 0x72b0e000 	C:\Windows\WinSxS\x86_microsoft.windows.common-controls_6595b64144ccf1df_6.0.7601.17514_none_41e6975e2bd6f2b2\COMCTL32.dll
0x763d0000 - 0x76427000 	C:\Windows\syswow64\SHLWAPI.dll
0x10000000 - 0x1000e000 	C:\netbeans\jdk32\jre\bin\j3dcore-ogl-chk.dll
0x703c0000 - 0x70488000 	C:\Windows\system32\OPENGL32.dll
0x72c60000 - 0x72c82000 	C:\Windows\system32\GLU32.dll
0x73930000 - 0x73a17000 	C:\Windows\system32\DDRAW.dll
0x74c30000 - 0x74c36000 	C:\Windows\system32\DCIMAN32.dll
0x76600000 - 0x7679d000 	C:\Windows\syswow64\SETUPAPI.dll
0x75dd0000 - 0x75df7000 	C:\Windows\syswow64\CFGMGR32.dll
0x76970000 - 0x769ff000 	C:\Windows\syswow64\OLEAUT32.dll
0x76cb0000 - 0x76cc2000 	C:\Windows\syswow64\DEVOBJ.dll
0x712e0000 - 0x712f3000 	C:\Windows\system32\dwmapi.dll
0x72b40000 - 0x72bc0000 	C:\Windows\system32\uxtheme.dll
0x74c10000 - 0x74c17000 	C:\Windows\system32\atiglpxx.dll
0x69030000 - 0x69d28000 	C:\Windows\system32\atioglxx.dll
0x74b90000 - 0x74b99000 	C:\Windows\system32\VERSION.dll
0x76db0000 - 0x76de5000 	C:\Windows\syswow64\WS2_32.dll
0x761e0000 - 0x761e6000 	C:\Windows\syswow64\NSI.dll
0x74c20000 - 0x74c27000 	C:\Windows\system32\atigktxx.dll
0x05380000 - 0x053b8000 	C:\Windows\system32\atiadlxy.dll
0x76bd0000 - 0x76bfd000 	C:\Windows\syswow64\WINTRUST.dll
0x760c0000 - 0x761dd000 	C:\Windows\syswow64\CRYPT32.dll
0x75d70000 - 0x75d7c000 	C:\Windows\syswow64\MSASN1.dll
0x6d400000 - 0x6d406000 	C:\netbeans\jdk32\jre\bin\jawt.dll
0x053c0000 - 0x053e9000 	C:\netbeans\jdk32\jre\bin\j3dcore-ogl.dll
0x00780000 - 0x00790000 	C:\lib\ext\ubitrack_java.dll
0x06370000 - 0x066cf000 	C:\lib\ext\ubitrack.dll
0x06200000 - 0x06227000 	C:\lib\ext\log4cpp.dll
0x73580000 - 0x73587000 	C:\Windows\system32\WSOCK32.dll
0x707f0000 - 0x7087e000 	C:\Windows\WinSxS\x86_microsoft.vc90.crt_1fc8b3b9a1e18e3b_9.0.30729.6161_none_50934f2ebcb7eb57\MSVCP90.dll
0x70120000 - 0x701c3000 	C:\Windows\WinSxS\x86_microsoft.vc90.crt_1fc8b3b9a1e18e3b_9.0.30729.6161_none_50934f2ebcb7eb57\MSVCR90.dll
0x6d2e0000 - 0x6d32f000 	C:\netbeans\jdk32\jre\bin\fontmanager.dll
0x714c0000 - 0x71683000 	C:\Windows\system32\d3d9.dll
0x714b0000 - 0x714b6000 	C:\Windows\system32\d3d8thk.dll
0x74de0000 - 0x74de8000 	C:\Windows\system32\atiu9pag.dll
0x06ea0000 - 0x07216000 	C:\Windows\system32\atiumdag.dll
0x07320000 - 0x075ff000 	C:\Windows\system32\atiumdva.dll
0x75120000 - 0x75d6a000 	C:\Windows\syswow64\shell32.dll
0x0b360000 - 0x0b421000 	C:\Users\gokhan\Documents\NetBeansProjects\TowerOfHanoi\libs\ubitrack\bin\ubitrack\2D3DPoseEstimation.dll
0x0a960000 - 0x0a97d000 	C:\Users\gokhan\Documents\NetBeansProjects\TowerOfHanoi\libs\ubitrack\bin\ubitrack\AbsoluteOrientation.dll
0x06340000 - 0x0635c000 	C:\Users\gokhan\Documents\NetBeansProjects\TowerOfHanoi\libs\ubitrack\bin\ubitrack\AbsoluteOrientationRANSAC.dll
0x0b680000 - 0x0b698000 	C:\Users\gokhan\Documents\NetBeansProjects\TowerOfHanoi\libs\ubitrack\bin\ubitrack\Accumulator.dll
0x0b6b0000 - 0x0b6c3000 	C:\Users\gokhan\Documents\NetBeansProjects\TowerOfHanoi\libs\ubitrack\bin\ubitrack\Aggregator.dll
0x0b6e0000 - 0x0b6f3000 	C:\Users\gokhan\Documents\NetBeansProjects\TowerOfHanoi\libs\ubitrack\bin\ubitrack\ApplicationEndpointsVision.dll
0x0b710000 - 0x0b846000 	C:\lib\ext\utvision.dll
0x66b90000 - 0x66e18000 	C:\lib\ext\cv210.dll
0x66e90000 - 0x670ae000 	C:\lib\ext\cxcore210.dll
0x0b880000 - 0x0b890000 	C:\Users\gokhan\Documents\NetBeansProjects\TowerOfHanoi\libs\ubitrack\bin\ubitrack\ApplicationPullSink.dll
0x0b8a0000 - 0x0b8b6000 	C:\Users\gokhan\Documents\NetBeansProjects\TowerOfHanoi\libs\ubitrack\bin\ubitrack\ApplicationPushSink.dll
0x0b8d0000 - 0x0b8f1000 	C:\Users\gokhan\Documents\NetBeansProjects\TowerOfHanoi\libs\ubitrack\bin\ubitrack\ApplicationPushSource.dll
0x0b910000 - 0x0b93f000 	C:\Users\gokhan\Documents\NetBeansProjects\TowerOfHanoi\libs\ubitrack\bin\ubitrack\art.dll
0x0b950000 - 0x0b95c000 	C:\Users\gokhan\Documents\NetBeansProjects\TowerOfHanoi\libs\ubitrack\bin\ubitrack\artBodyFileReader.dll
0x0b970000 - 0x0ba32000 	C:\Users\gokhan\Documents\NetBeansProjects\TowerOfHanoi\libs\ubitrack\bin\ubitrack\artErrorEstimator.dll
0x0ba50000 - 0x0ba78000 	C:\Users\gokhan\Documents\NetBeansProjects\TowerOfHanoi\libs\ubitrack\bin\ubitrack\artSender.dll
0x0ba90000 - 0x0babf000 	C:\Users\gokhan\Documents\NetBeansProjects\TowerOfHanoi\libs\ubitrack\bin\ubitrack\Average.dll
0x0bad0000 - 0x0bae7000 	C:\Users\gokhan\Documents\NetBeansProjects\TowerOfHanoi\libs\ubitrack\bin\ubitrack\AVIFrameGrabber.dll
0x6fcc0000 - 0x6fd8a000 	C:\lib\ext\highgui210.dll
0x74280000 - 0x74299000 	C:\Windows\system32\AVIFIL32.dll
0x719f0000 - 0x71a04000 	C:\Windows\system32\MSACM32.dll
0x736d0000 - 0x736f1000 	C:\Windows\system32\MSVFW32.dll
0x72c20000 - 0x72c33000 	C:\Windows\system32\AVICAP32.dll
0x72c40000 - 0x72c59000 	C:\Windows\system32\OLEPRO32.DLL
0x0bb30000 - 0x0bb49000 	C:\Users\gokhan\Documents\NetBeansProjects\TowerOfHanoi\libs\ubitrack\bin\ubitrack\Buffer.dll
0x0bb70000 - 0x0bbff000 	C:\Users\gokhan\Documents\NetBeansProjects\TowerOfHanoi\libs\ubitrack\bin\ubitrack\CalibFile.dll
0x0bc90000 - 0x0bca4000 	C:\Users\gokhan\Documents\NetBeansProjects\TowerOfHanoi\libs\ubitrack\bin\ubitrack\CalibServer.dll
0x0bcc0000 - 0x0bcdf000 	C:\Users\gokhan\Documents\NetBeansProjects\TowerOfHanoi\libs\ubitrack\bin\ubitrack\CastComponent.dll
0x0bcf0000 - 0x0bd04000 	C:\Users\gokhan\Documents\NetBeansProjects\TowerOfHanoi\libs\ubitrack\bin\ubitrack\ChessBoardDetection.dll
0x0bd20000 - 0x0be20000 	C:\lib\ext\cxcore100.dll
0x0be20000 - 0x0be55000 	C:\lib\ext\libguide40.dll
0x0be60000 - 0x0bf34000 	C:\lib\ext\cv100.dll
0x0bf40000 - 0x0bf59000 	C:\Users\gokhan\Documents\NetBeansProjects\TowerOfHanoi\libs\ubitrack\bin\ubitrack\ChessboardFunctions.dll
0x0c090000 - 0x0c0a7000 	C:\Users\gokhan\Documents\NetBeansProjects\TowerOfHanoi\libs\ubitrack\bin\ubitrack\ChessBoardTracking.dll
0x0c0b0000 - 0x0c0cd000 	C:\Users\gokhan\Documents\NetBeansProjects\TowerOfHanoi\libs\ubitrack\bin\ubitrack\Collector.dll
0x0c0e0000 - 0x0c0f0000 	C:\Users\gokhan\Documents\NetBeansProjects\TowerOfHanoi\libs\ubitrack\bin\ubitrack\Color2Grayscale.dll
0x0c100000 - 0x0c10f000 	C:\Users\gokhan\Documents\NetBeansProjects\TowerOfHanoi\libs\ubitrack\bin\ubitrack\Countdown.dll
0x0c1b0000 - 0x0c1cc000 	C:\Users\gokhan\Documents\NetBeansProjects\TowerOfHanoi\libs\ubitrack\bin\ubitrack\CovarianceEstimation.dll
0x0c270000 - 0x0c286000 	C:\Users\gokhan\Documents\NetBeansProjects\TowerOfHanoi\libs\ubitrack\bin\ubitrack\Delay.dll
0x0c330000 - 0x0c347000 	C:\Users\gokhan\Documents\NetBeansProjects\TowerOfHanoi\libs\ubitrack\bin\ubitrack\Direction.dll
0x0c3f0000 - 0x0c403000 	C:\Users\gokhan\Documents\NetBeansProjects\TowerOfHanoi\libs\ubitrack\bin\ubitrack\DirectShowFrameGrabber.dll
0x0c4b0000 - 0x0c4c7000 	C:\Users\gokhan\Documents\NetBeansProjects\TowerOfHanoi\libs\ubitrack\bin\ubitrack\Distance.dll
0x0c4e0000 - 0x0c503000 	C:\Users\gokhan\Documents\NetBeansProjects\TowerOfHanoi\libs\ubitrack\bin\ubitrack\ExponentialSmoothing.dll
0x0c5b0000 - 0x0c5c5000 	C:\Users\gokhan\Documents\NetBeansProjects\TowerOfHanoi\libs\ubitrack\bin\ubitrack\FindSubPixelCorner.dll
0x0c800000 - 0x0c80d000 	C:\Users\gokhan\Documents\NetBeansProjects\TowerOfHanoi\libs\ubitrack\bin\ubitrack\FrameBuffer.dll
0x0c820000 - 0x0c836000 	C:\Users\gokhan\Documents\NetBeansProjects\TowerOfHanoi\libs\ubitrack\bin\ubitrack\FunctionalFusion.dll
0x0c850000 - 0x0c87c000 	C:\Users\gokhan\Documents\NetBeansProjects\TowerOfHanoi\libs\ubitrack\bin\ubitrack\Gate.dll
0x0c920000 - 0x0c938000 	C:\Users\gokhan\Documents\NetBeansProjects\TowerOfHanoi\libs\ubitrack\bin\ubitrack\gps.dll
0x0c950000 - 0x0c96b000 	C:\Users\gokhan\Documents\NetBeansProjects\TowerOfHanoi\libs\ubitrack\bin\ubitrack\HandEyeCalibration.dll
0x0c980000 - 0x0c996000 	C:\Users\gokhan\Documents\NetBeansProjects\TowerOfHanoi\libs\ubitrack\bin\ubitrack\HighguiFrameGrabber.dll
0x0c9b0000 - 0x0c9d3000 	C:\Users\gokhan\Documents\NetBeansProjects\TowerOfHanoi\libs\ubitrack\bin\ubitrack\HighguiWindow.dll
0x0c9f0000 - 0x0ca0a000 	C:\Users\gokhan\Documents\NetBeansProjects\TowerOfHanoi\libs\ubitrack\bin\ubitrack\Identity.dll
0x0ca20000 - 0x0ca37000 	C:\Users\gokhan\Documents\NetBeansProjects\TowerOfHanoi\libs\ubitrack\bin\ubitrack\ImageFileFrameGrabber.dll
0x0ca50000 - 0x0ca5d000 	C:\Users\gokhan\Documents\NetBeansProjects\TowerOfHanoi\libs\ubitrack\bin\ubitrack\ImageFileRecorder.dll
0x0ca70000 - 0x0ca81000 	C:\Users\gokhan\Documents\NetBeansProjects\TowerOfHanoi\libs\ubitrack\bin\ubitrack\ImageGate.dll
0x0caa0000 - 0x0caad000 	C:\Users\gokhan\Documents\NetBeansProjects\TowerOfHanoi\libs\ubitrack\bin\ubitrack\ImageIO.dll
0x0cac0000 - 0x0cb2e000 	C:\Users\gokhan\Documents\NetBeansProjects\TowerOfHanoi\libs\ubitrack\bin\ubitrack\ImagePointPlaneIntersection.dll
0x0cb70000 - 0x0cb80000 	C:\Users\gokhan\Documents\NetBeansProjects\TowerOfHanoi\libs\ubitrack\bin\ubitrack\ImageShrink.dll
0x0cbc0000 - 0x0cbde000 	C:\Users\gokhan\Documents\NetBeansProjects\TowerOfHanoi\libs\ubitrack\bin\ubitrack\Intrinsic.dll
0x0cbe0000 - 0x0cc05000 	C:\Users\gokhan\Documents\NetBeansProjects\TowerOfHanoi\libs\ubitrack\bin\ubitrack\Inversion.dll
0x0cc10000 - 0x0cc2d000 	C:\Users\gokhan\Documents\NetBeansProjects\TowerOfHanoi\libs\ubitrack\bin\ubitrack\kuka.dll
0x0cc30000 - 0x0cc47000 	C:\Users\gokhan\Documents\NetBeansProjects\TowerOfHanoi\libs\ubitrack\bin\ubitrack\LightPointDetection.dll
0x0cc60000 - 0x0cc75000 	C:\Users\gokhan\Documents\NetBeansProjects\TowerOfHanoi\libs\ubitrack\bin\ubitrack\LinearInterpolation.dll

VM Arguments:
jvm_args: -Dfile.encoding=x-MacTurkish 
java_command: towerofhanoi.Main
Launcher Type: SUN_STANDARD

Environment Variables:
PATH=C:\Program Files (x86)\Nokia\PC Connectivity Solution\;C:\Program Files\Common Files\Microsoft Shared\Windows Live;C:\Program Files (x86)\Common Files\Microsoft Shared\Windows Live;C:\Windows\system32;C:\Windows;C:\Windows\System32\Wbem;C:\Windows\System32\WindowsPowerShell\v1.0\;C:\Program Files (x86)\ATI Technologies\ATI.ACE\Core-Static;C:\Program Files\WIDCOMM\Bluetooth Software\;C:\Program Files\WIDCOMM\Bluetooth Software\syswow64;c:\Program Files (x86)\Microsoft SQL Server\90\Tools\binn\;C:\Program Files (x86)\Windows Live\Shared;C:\lib\ext
USERNAME=gokhan
OS=Windows_NT
PROCESSOR_IDENTIFIER=Intel64 Family 6 Model 30 Stepping 5, GenuineIntel



---------------  S Y S T E M  ---------------

OS: Windows 7 Build 7601 Service Pack 1

CPU:total 8 (4 cores per cpu, 2 threads per core) family 6 model 30 stepping 5, cmov, cx8, fxsr, mmx, sse, sse2, sse3, ssse3, sse4.1, sse4.2, popcnt, ht

Memory: 4k page, physical 4117020k(1530016k free), swap 8232192k(5040088k free)

vm_info: Java HotSpot(TM) Client VM (20.0-b11) for windows-x86 JRE (1.6.0_25-b06), built on Apr 14 2011 01:04:32 by "java_re" with MS VC++ 7.1 (VS2003)

time: Thu Jun 23 01:54:58 2011
elapsed time: 1 seconds

