#
# A fatal error has been detected by the Java Runtime Environment:
#
#  EXCEPTION_ACCESS_VIOLATION (0xc0000005) at pc=0x06290360, pid=6344, tid=5344
#
# JRE version: 6.0_25-b06
# Java VM: Java HotSpot(TM) Client VM (20.0-b11 mixed mode, sharing windows-x86 )
# Problematic frame:
# C  [ubitrack.dll+0x20360]
#
# If you would like to submit a bug report, please visit:
#   http://java.sun.com/webapps/bugreport/crash.jsp
# The crash happened outside the Java Virtual Machine in native code.
# See problematic frame for where to report the bug.
#

---------------  T H R E A D  ---------------

Current thread (0x003e9800):  JavaThread "main" [_thread_in_native, id=5344, stack(0x00430000,0x00480000)]

siginfo: ExceptionCode=0xc0000005, reading address 0x0000001c

Registers:
EAX=0x0047f994, EBX=0x0047fb78, ECX=0x00000004, EDX=0x0047fa90
ESP=0x0047f950, EBP=0x0047fb78, ESI=0x00000004, EDI=0x003e9928
EIP=0x06290360, EFLAGS=0x00010202

Top of Stack: (sp=0x0047f950)
0x0047f950:   06293462 0047fb78 00000004 0047fbac
0x0047f960:   0047fb78 ffffffff ffffffff 00000024
0x0047f970:   6dab6d18 0632213c 0047f994 0047fb78
0x0047f980:   857b0ff4 003e9928 0047fa90 0047fbac
0x0047f990:   00000000 00000000 00000004 ffffffff
0x0047f9a0:   ffffffff 152d32c9 0047fa68 00000000
0x0047f9b0:   00000001 00000a96 0047fb50 00000001
0x0047f9c0:   0047fa4c 6d9e5cae 0047fa38 024d82d0 

Instructions: (pc=0x06290360)
0x06290340:   24 0c 64 89 0d 00 00 00 00 59 5e 83 c4 10 c2 04
0x06290350:   00 cc cc cc cc cc cc cc cc cc cc cc cc cc cc cc
0x06290360:   8b 41 18 56 8b 70 04 80 7e 31 00 57 8b f8 75 31
0x06290370:   53 8b 5c 24 10 55 8b 2d 3c 41 56 06 8d 64 24 00 


Register to memory mapping:

EAX=0x0047f994 is pointing into the stack for thread: 0x003e9800
EBX=0x0047fb78 is pointing into the stack for thread: 0x003e9800
ECX=0x00000004 is an unknown value
EDX=0x0047fa90 is pointing into the stack for thread: 0x003e9800
ESP=0x0047f950 is pointing into the stack for thread: 0x003e9800
EBP=0x0047fb78 is pointing into the stack for thread: 0x003e9800
ESI=0x00000004 is an unknown value
EDI=0x003e9928 is an unknown value


Stack: [0x00430000,0x00480000],  sp=0x0047f950,  free space=318k
Native frames: (J=compiled Java code, j=interpreted, Vv=VM code, C=native code)
C  [ubitrack.dll+0x20360]  Ubitrack::Graph::dataflowToGraphviz+0x880
C  0x65736f70

Java frames: (J=compiled Java code, j=interpreted, Vv=VM code)
j  ubitrack.ubitrackJNI.SimpleFacade_setPoseCallback(JLubitrack/SimpleFacade;Ljava/lang/String;JLubitrack/SimplePoseReceiver;)Z+0
j  ubitrack.SimpleFacade.setPoseCallback(Ljava/lang/String;Lubitrack/SimplePoseReceiver;)Z+11
j  utils.UbitrackFacade.setPoseCallback(Ljava/lang/String;Lubitrack/SimplePoseReceiver;)Z+6
j  towerofhanoi.TowerOfHanoi.<init>()V+100
j  towerofhanoi.Main.main([Ljava/lang/String;)V+4
v  ~StubRoutines::call_stub

---------------  P R O C E S S  ---------------

Java Threads: ( => current thread )
  0x04b77800 JavaThread "J3D-InputDeviceScheduler-1" [_thread_blocked, id=6464, stack(0x0c740000,0x0c790000)]
  0x04b77000 JavaThread "J3D-SoundSchedulerUpdateThread-1" [_thread_blocked, id=6608, stack(0x0c640000,0x0c690000)]
  0x04b76c00 JavaThread "J3D-RenderStructureUpdateThread-1" [_thread_blocked, id=4320, stack(0x0c580000,0x0c5d0000)]
  0x04b76400 JavaThread "J3D-BehaviorScheduler-1" [_thread_blocked, id=4636, stack(0x0c3c0000,0x0c410000)]
  0x04b76000 JavaThread "J3D-TransformStructureUpdateThread-1" [_thread_blocked, id=7596, stack(0x0c2b0000,0x0c300000)]
  0x04b75800 JavaThread "J3D-RenderingEnvironmentStructureUpdateThread-1" [_thread_blocked, id=7400, stack(0x0c200000,0x0c250000)]
  0x04b75000 JavaThread "J3D-SoundStructureUpdateThread-1" [_thread_blocked, id=4548, stack(0x0c140000,0x0c190000)]
  0x04b74c00 JavaThread "J3D-GeometryStructureUpdateThread-1" [_thread_blocked, id=4088, stack(0x0c080000,0x0c0d0000)]
  0x04b6bc00 JavaThread "J3D-BehaviorStructureUpdateThread-1" [_thread_blocked, id=5788, stack(0x0bfd0000,0x0c020000)]
  0x04ddf000 JavaThread "D3D Screen Updater" daemon [_thread_blocked, id=6744, stack(0x0a600000,0x0a650000)]
  0x04ddec00 JavaThread "AWT-EventQueue-0" [_thread_blocked, id=1056, stack(0x0a570000,0x0a5c0000)]
  0x04b43c00 JavaThread "J3D-Renderer-1" [_thread_in_native, id=6584, stack(0x0a4e0000,0x0a530000)]
  0x04b43400 JavaThread "J3D-MasterControl-1" [_thread_blocked, id=6784, stack(0x0a450000,0x0a4a0000)]
  0x04b43000 JavaThread "J3D-NotificationThread" [_thread_blocked, id=7220, stack(0x0a3c0000,0x0a410000)]
  0x04de1000 JavaThread "J3D-TimerThread" [_thread_blocked, id=7836, stack(0x0a330000,0x0a380000)]
  0x04b53c00 JavaThread "J3D-RenderingAttributesStructureUpdateThread" [_thread_blocked, id=7108, stack(0x0a2a0000,0x0a2f0000)]
  0x04b6a800 JavaThread "AWT-Windows" daemon [_thread_in_native, id=6540, stack(0x06190000,0x061e0000)]
  0x04b6a000 JavaThread "AWT-Shutdown" [_thread_blocked, id=6700, stack(0x06100000,0x06150000)]
  0x04dfc400 JavaThread "Java2D Disposer" daemon [_thread_blocked, id=3804, stack(0x05570000,0x055c0000)]
  0x0247b800 JavaThread "Low Memory Detector" daemon [_thread_blocked, id=8184, stack(0x04950000,0x049a0000)]
  0x02476c00 JavaThread "C1 CompilerThread0" daemon [_thread_blocked, id=7684, stack(0x048c0000,0x04910000)]
  0x02475c00 JavaThread "Attach Listener" daemon [_thread_blocked, id=5244, stack(0x04830000,0x04880000)]
  0x02472800 JavaThread "Signal Dispatcher" daemon [_thread_blocked, id=5304, stack(0x047a0000,0x047f0000)]
  0x02464c00 JavaThread "Finalizer" daemon [_thread_blocked, id=3676, stack(0x04710000,0x04760000)]
  0x02462c00 JavaThread "Reference Handler" daemon [_thread_blocked, id=7668, stack(0x04680000,0x046d0000)]
=>0x003e9800 JavaThread "main" [_thread_in_native, id=5344, stack(0x00430000,0x00480000)]

Other Threads:
  0x02426800 VMThread [stack: 0x045f0000,0x04640000] [id=7624]
  0x02489000 WatcherThread [stack: 0x049e0000,0x04a30000] [id=6864]

VM state:not at safepoint (normal execution)

VM Mutex/Monitor currently owned by a thread: None

Heap
 def new generation   total 4928K, used 3133K [0x24590000, 0x24ae0000, 0x29ae0000)
  eden space 4416K,  63% used [0x24590000, 0x2484c2c8, 0x249e0000)
  from space 512K,  65% used [0x249e0000, 0x24a33470, 0x24a60000)
  to   space 512K,   0% used [0x24a60000, 0x24a60000, 0x24ae0000)
 tenured generation   total 10944K, used 784K [0x29ae0000, 0x2a590000, 0x34590000)
   the space 10944K,   7% used [0x29ae0000, 0x29ba4140, 0x29ba4200, 0x2a590000)
 compacting perm gen  total 12288K, used 3613K [0x34590000, 0x35190000, 0x38590000)
   the space 12288K,  29% used [0x34590000, 0x34917710, 0x34917800, 0x35190000)
    ro space 10240K,  54% used [0x38590000, 0x38b0e770, 0x38b0e800, 0x38f90000)
    rw space 12288K,  55% used [0x38f90000, 0x39634ac8, 0x39634c00, 0x39b90000)

Code Cache  [0x024d0000, 0x025a0000, 0x044d0000)
 total_blobs=499 nmethods=189 adapters=246 free_code_cache=32717824 largest_free_block=0

Dynamic libraries:
0x00400000 - 0x00424000 	C:\netbeans\jdk32\bin\java.exe
0x779d0000 - 0x77b50000 	C:\Windows\SysWOW64\ntdll.dll
0x75e90000 - 0x75fa0000 	C:\Windows\syswow64\kernel32.dll
0x75d80000 - 0x75dc6000 	C:\Windows\syswow64\KERNELBASE.dll
0x76df0000 - 0x76e90000 	C:\Windows\syswow64\ADVAPI32.dll
0x76c00000 - 0x76cac000 	C:\Windows\syswow64\msvcrt.dll
0x76e90000 - 0x76ea9000 	C:\Windows\SysWOW64\sechost.dll
0x76200000 - 0x762f0000 	C:\Windows\syswow64\RPCRT4.dll
0x750c0000 - 0x75120000 	C:\Windows\syswow64\SspiCli.dll
0x750b0000 - 0x750bc000 	C:\Windows\syswow64\CRYPTBASE.dll
0x7c340000 - 0x7c396000 	C:\netbeans\jdk32\jre\bin\msvcr71.dll
0x6d8a0000 - 0x6db4f000 	C:\netbeans\jdk32\jre\bin\client\jvm.dll
0x76a00000 - 0x76b00000 	C:\Windows\syswow64\USER32.dll
0x76540000 - 0x765d0000 	C:\Windows\syswow64\GDI32.dll
0x761f0000 - 0x761fa000 	C:\Windows\syswow64\LPK.dll
0x76eb0000 - 0x76f4d000 	C:\Windows\syswow64\USP10.dll
0x73730000 - 0x73762000 	C:\Windows\system32\WINMM.dll
0x76900000 - 0x76960000 	C:\Windows\system32\IMM32.DLL
0x76b00000 - 0x76bcc000 	C:\Windows\syswow64\MSCTF.dll
0x70a50000 - 0x70a9c000 	C:\Windows\system32\apphelp.dll
0x6d850000 - 0x6d85c000 	C:\netbeans\jdk32\jre\bin\verify.dll
0x6d3d0000 - 0x6d3ef000 	C:\netbeans\jdk32\jre\bin\java.dll
0x779a0000 - 0x779a5000 	C:\Windows\syswow64\PSAPI.DLL
0x6d890000 - 0x6d89f000 	C:\netbeans\jdk32\jre\bin\zip.dll
0x6d0b0000 - 0x6d1fb000 	C:\netbeans\jdk32\jre\bin\awt.dll
0x74d70000 - 0x74dc1000 	C:\Windows\system32\WINSPOOL.DRV
0x767a0000 - 0x768fc000 	C:\Windows\syswow64\ole32.dll
0x72970000 - 0x72b0e000 	C:\Windows\WinSxS\x86_microsoft.windows.common-controls_6595b64144ccf1df_6.0.7601.17514_none_41e6975e2bd6f2b2\COMCTL32.dll
0x763d0000 - 0x76427000 	C:\Windows\syswow64\SHLWAPI.dll
0x10000000 - 0x1000e000 	C:\netbeans\jdk32\jre\bin\j3dcore-ogl-chk.dll
0x703c0000 - 0x70488000 	C:\Windows\system32\OPENGL32.dll
0x72c60000 - 0x72c82000 	C:\Windows\system32\GLU32.dll
0x73930000 - 0x73a17000 	C:\Windows\system32\DDRAW.dll
0x74c30000 - 0x74c36000 	C:\Windows\system32\DCIMAN32.dll
0x76600000 - 0x7679d000 	C:\Windows\syswow64\SETUPAPI.dll
0x75dd0000 - 0x75df7000 	C:\Windows\syswow64\CFGMGR32.dll
0x76970000 - 0x769ff000 	C:\Windows\syswow64\OLEAUT32.dll
0x76cb0000 - 0x76cc2000 	C:\Windows\syswow64\DEVOBJ.dll
0x712e0000 - 0x712f3000 	C:\Windows\system32\dwmapi.dll
0x72b40000 - 0x72bc0000 	C:\Windows\system32\uxtheme.dll
0x74de0000 - 0x74de7000 	C:\Windows\system32\atiglpxx.dll
0x69030000 - 0x69d28000 	C:\Windows\system32\atioglxx.dll
0x74b90000 - 0x74b99000 	C:\Windows\system32\VERSION.dll
0x76db0000 - 0x76de5000 	C:\Windows\syswow64\WS2_32.dll
0x761e0000 - 0x761e6000 	C:\Windows\syswow64\NSI.dll
0x74c10000 - 0x74c17000 	C:\Windows\system32\atigktxx.dll
0x05350000 - 0x05388000 	C:\Windows\system32\atiadlxy.dll
0x76bd0000 - 0x76bfd000 	C:\Windows\syswow64\WINTRUST.dll
0x760c0000 - 0x761dd000 	C:\Windows\syswow64\CRYPT32.dll
0x75d70000 - 0x75d7c000 	C:\Windows\syswow64\MSASN1.dll
0x6d400000 - 0x6d406000 	C:\netbeans\jdk32\jre\bin\jawt.dll
0x05400000 - 0x05429000 	C:\netbeans\jdk32\jre\bin\j3dcore-ogl.dll
0x05240000 - 0x05250000 	C:\lib\ext\ubitrack_java.dll
0x06270000 - 0x065cf000 	C:\lib\ext\ubitrack.dll
0x061e0000 - 0x06207000 	C:\lib\ext\log4cpp.dll
0x73580000 - 0x73587000 	C:\Windows\system32\WSOCK32.dll
0x70880000 - 0x7090e000 	C:\Windows\WinSxS\x86_microsoft.vc90.crt_1fc8b3b9a1e18e3b_9.0.30729.6161_none_50934f2ebcb7eb57\MSVCP90.dll
0x707d0000 - 0x70873000 	C:\Windows\WinSxS\x86_microsoft.vc90.crt_1fc8b3b9a1e18e3b_9.0.30729.6161_none_50934f2ebcb7eb57\MSVCR90.dll
0x6d2e0000 - 0x6d32f000 	C:\netbeans\jdk32\jre\bin\fontmanager.dll
0x714c0000 - 0x71683000 	C:\Windows\system32\d3d9.dll
0x714b0000 - 0x714b6000 	C:\Windows\system32\d3d8thk.dll
0x74290000 - 0x74298000 	C:\Windows\system32\atiu9pag.dll
0x66d30000 - 0x670a6000 	C:\Windows\system32\atiumdag.dll
0x06ec0000 - 0x0719f000 	C:\Windows\system32\atiumdva.dll
0x75120000 - 0x75d6a000 	C:\Windows\syswow64\shell32.dll
0x0b1f0000 - 0x0b2b1000 	C:\Users\gokhan\Documents\NetBeansProjects\TowerOfHanoi\libs\ubitrack\bin\ubitrack\2D3DPoseEstimation.dll
0x06710000 - 0x0672d000 	C:\Users\gokhan\Documents\NetBeansProjects\TowerOfHanoi\libs\ubitrack\bin\ubitrack\AbsoluteOrientation.dll
0x0b2d0000 - 0x0b2ec000 	C:\Users\gokhan\Documents\NetBeansProjects\TowerOfHanoi\libs\ubitrack\bin\ubitrack\AbsoluteOrientationRANSAC.dll
0x0b300000 - 0x0b318000 	C:\Users\gokhan\Documents\NetBeansProjects\TowerOfHanoi\libs\ubitrack\bin\ubitrack\Accumulator.dll
0x0b330000 - 0x0b343000 	C:\Users\gokhan\Documents\NetBeansProjects\TowerOfHanoi\libs\ubitrack\bin\ubitrack\Aggregator.dll
0x0b360000 - 0x0b373000 	C:\Users\gokhan\Documents\NetBeansProjects\TowerOfHanoi\libs\ubitrack\bin\ubitrack\ApplicationEndpointsVision.dll
0x0b390000 - 0x0b4c6000 	C:\lib\ext\utvision.dll
0x0b4e0000 - 0x0b768000 	C:\lib\ext\cv210.dll
0x66b10000 - 0x66d2e000 	C:\lib\ext\cxcore210.dll
0x0b790000 - 0x0b7a0000 	C:\Users\gokhan\Documents\NetBeansProjects\TowerOfHanoi\libs\ubitrack\bin\ubitrack\ApplicationPullSink.dll
0x0b7b0000 - 0x0b7c6000 	C:\Users\gokhan\Documents\NetBeansProjects\TowerOfHanoi\libs\ubitrack\bin\ubitrack\ApplicationPushSink.dll
0x0b7e0000 - 0x0b801000 	C:\Users\gokhan\Documents\NetBeansProjects\TowerOfHanoi\libs\ubitrack\bin\ubitrack\ApplicationPushSource.dll
0x0b820000 - 0x0b84f000 	C:\Users\gokhan\Documents\NetBeansProjects\TowerOfHanoi\libs\ubitrack\bin\ubitrack\art.dll
0x0b860000 - 0x0b86c000 	C:\Users\gokhan\Documents\NetBeansProjects\TowerOfHanoi\libs\ubitrack\bin\ubitrack\artBodyFileReader.dll
0x0b890000 - 0x0b952000 	C:\Users\gokhan\Documents\NetBeansProjects\TowerOfHanoi\libs\ubitrack\bin\ubitrack\artErrorEstimator.dll
0x0b9f0000 - 0x0ba18000 	C:\Users\gokhan\Documents\NetBeansProjects\TowerOfHanoi\libs\ubitrack\bin\ubitrack\artSender.dll
0x0ba30000 - 0x0ba5f000 	C:\Users\gokhan\Documents\NetBeansProjects\TowerOfHanoi\libs\ubitrack\bin\ubitrack\Average.dll
0x0ba70000 - 0x0ba87000 	C:\Users\gokhan\Documents\NetBeansProjects\TowerOfHanoi\libs\ubitrack\bin\ubitrack\AVIFrameGrabber.dll
0x6cfb0000 - 0x6d07a000 	C:\lib\ext\highgui210.dll
0x736e0000 - 0x736f9000 	C:\Windows\system32\AVIFIL32.dll
0x719f0000 - 0x71a04000 	C:\Windows\system32\MSACM32.dll
0x72c30000 - 0x72c51000 	C:\Windows\system32\MSVFW32.dll
0x74270000 - 0x74283000 	C:\Windows\system32\AVICAP32.dll
0x72350000 - 0x72369000 	C:\Windows\system32\OLEPRO32.DLL
0x0bad0000 - 0x0bae9000 	C:\Users\gokhan\Documents\NetBeansProjects\TowerOfHanoi\libs\ubitrack\bin\ubitrack\Buffer.dll
0x0bb00000 - 0x0bb8f000 	C:\Users\gokhan\Documents\NetBeansProjects\TowerOfHanoi\libs\ubitrack\bin\ubitrack\CalibFile.dll
0x0bba0000 - 0x0bbb4000 	C:\Users\gokhan\Documents\NetBeansProjects\TowerOfHanoi\libs\ubitrack\bin\ubitrack\CalibServer.dll
0x0bbd0000 - 0x0bbef000 	C:\Users\gokhan\Documents\NetBeansProjects\TowerOfHanoi\libs\ubitrack\bin\ubitrack\CastComponent.dll
0x0bc00000 - 0x0bc14000 	C:\Users\gokhan\Documents\NetBeansProjects\TowerOfHanoi\libs\ubitrack\bin\ubitrack\ChessBoardDetection.dll
0x0bc30000 - 0x0bd30000 	C:\lib\ext\cxcore100.dll
0x0bd30000 - 0x0bd65000 	C:\lib\ext\libguide40.dll
0x0bd70000 - 0x0be44000 	C:\lib\ext\cv100.dll
0x0bf50000 - 0x0bf69000 	C:\Users\gokhan\Documents\NetBeansProjects\TowerOfHanoi\libs\ubitrack\bin\ubitrack\ChessboardFunctions.dll
0x0c020000 - 0x0c037000 	C:\Users\gokhan\Documents\NetBeansProjects\TowerOfHanoi\libs\ubitrack\bin\ubitrack\ChessBoardTracking.dll
0x0c0e0000 - 0x0c0fd000 	C:\Users\gokhan\Documents\NetBeansProjects\TowerOfHanoi\libs\ubitrack\bin\ubitrack\Collector.dll
0x0c1a0000 - 0x0c1b0000 	C:\Users\gokhan\Documents\NetBeansProjects\TowerOfHanoi\libs\ubitrack\bin\ubitrack\Color2Grayscale.dll
0x0c250000 - 0x0c25f000 	C:\Users\gokhan\Documents\NetBeansProjects\TowerOfHanoi\libs\ubitrack\bin\ubitrack\Countdown.dll
0x0c300000 - 0x0c31c000 	C:\Users\gokhan\Documents\NetBeansProjects\TowerOfHanoi\libs\ubitrack\bin\ubitrack\CovarianceEstimation.dll
0x0c330000 - 0x0c346000 	C:\Users\gokhan\Documents\NetBeansProjects\TowerOfHanoi\libs\ubitrack\bin\ubitrack\Delay.dll
0x0c360000 - 0x0c377000 	C:\Users\gokhan\Documents\NetBeansProjects\TowerOfHanoi\libs\ubitrack\bin\ubitrack\Direction.dll
0x0c520000 - 0x0c533000 	C:\Users\gokhan\Documents\NetBeansProjects\TowerOfHanoi\libs\ubitrack\bin\ubitrack\DirectShowFrameGrabber.dll
0x0c5e0000 - 0x0c5f7000 	C:\Users\gokhan\Documents\NetBeansProjects\TowerOfHanoi\libs\ubitrack\bin\ubitrack\Distance.dll
0x0c6a0000 - 0x0c6c3000 	C:\Users\gokhan\Documents\NetBeansProjects\TowerOfHanoi\libs\ubitrack\bin\ubitrack\ExponentialSmoothing.dll
0x0c6e0000 - 0x0c6f5000 	C:\Users\gokhan\Documents\NetBeansProjects\TowerOfHanoi\libs\ubitrack\bin\ubitrack\FindSubPixelCorner.dll
0x0c7a0000 - 0x0c7ad000 	C:\Users\gokhan\Documents\NetBeansProjects\TowerOfHanoi\libs\ubitrack\bin\ubitrack\FrameBuffer.dll
0x0c7c0000 - 0x0c7d6000 	C:\Users\gokhan\Documents\NetBeansProjects\TowerOfHanoi\libs\ubitrack\bin\ubitrack\FunctionalFusion.dll
0x0c7f0000 - 0x0c81c000 	C:\Users\gokhan\Documents\NetBeansProjects\TowerOfHanoi\libs\ubitrack\bin\ubitrack\Gate.dll
0x0c830000 - 0x0c848000 	C:\Users\gokhan\Documents\NetBeansProjects\TowerOfHanoi\libs\ubitrack\bin\ubitrack\gps.dll
0x0c860000 - 0x0c87b000 	C:\Users\gokhan\Documents\NetBeansProjects\TowerOfHanoi\libs\ubitrack\bin\ubitrack\HandEyeCalibration.dll
0x0c8c0000 - 0x0c8d6000 	C:\Users\gokhan\Documents\NetBeansProjects\TowerOfHanoi\libs\ubitrack\bin\ubitrack\HighguiFrameGrabber.dll
0x0c920000 - 0x0c943000 	C:\Users\gokhan\Documents\NetBeansProjects\TowerOfHanoi\libs\ubitrack\bin\ubitrack\HighguiWindow.dll
0x0c8a0000 - 0x0c8ba000 	C:\Users\gokhan\Documents\NetBeansProjects\TowerOfHanoi\libs\ubitrack\bin\ubitrack\Identity.dll
0x0c960000 - 0x0c977000 	C:\Users\gokhan\Documents\NetBeansProjects\TowerOfHanoi\libs\ubitrack\bin\ubitrack\ImageFileFrameGrabber.dll
0x0c990000 - 0x0c99d000 	C:\Users\gokhan\Documents\NetBeansProjects\TowerOfHanoi\libs\ubitrack\bin\ubitrack\ImageFileRecorder.dll
0x0c9b0000 - 0x0c9c1000 	C:\Users\gokhan\Documents\NetBeansProjects\TowerOfHanoi\libs\ubitrack\bin\ubitrack\ImageGate.dll
0x0c9e0000 - 0x0c9ed000 	C:\Users\gokhan\Documents\NetBeansProjects\TowerOfHanoi\libs\ubitrack\bin\ubitrack\ImageIO.dll
0x0ca00000 - 0x0ca6e000 	C:\Users\gokhan\Documents\NetBeansProjects\TowerOfHanoi\libs\ubitrack\bin\ubitrack\ImagePointPlaneIntersection.dll
0x0ca80000 - 0x0ca90000 	C:\Users\gokhan\Documents\NetBeansProjects\TowerOfHanoi\libs\ubitrack\bin\ubitrack\ImageShrink.dll
0x0caa0000 - 0x0cabe000 	C:\Users\gokhan\Documents\NetBeansProjects\TowerOfHanoi\libs\ubitrack\bin\ubitrack\Intrinsic.dll
0x0cad0000 - 0x0caf5000 	C:\Users\gokhan\Documents\NetBeansProjects\TowerOfHanoi\libs\ubitrack\bin\ubitrack\Inversion.dll
0x0cb10000 - 0x0cb2d000 	C:\Users\gokhan\Documents\NetBeansProjects\TowerOfHanoi\libs\ubitrack\bin\ubitrack\kuka.dll
0x0cb40000 - 0x0cb57000 	C:\Users\gokhan\Documents\NetBeansProjects\TowerOfHanoi\libs\ubitrack\bin\ubitrack\LightPointDetection.dll
0x0cb70000 - 0x0cb85000 	C:\Users\gokhan\Documents\NetBeansProjects\TowerOfHanoi\libs\ubitrack\bin\ubitrack\LinearInterpolation.dll

VM Arguments:
jvm_args: -Dfile.encoding=x-MacTurkish 
java_command: towerofhanoi.Main
Launcher Type: SUN_STANDARD

Environment Variables:
PATH=C:\Program Files (x86)\Nokia\PC Connectivity Solution\;C:\Program Files\Common Files\Microsoft Shared\Windows Live;C:\Program Files (x86)\Common Files\Microsoft Shared\Windows Live;C:\Windows\system32;C:\Windows;C:\Windows\System32\Wbem;C:\Windows\System32\WindowsPowerShell\v1.0\;C:\Program Files (x86)\ATI Technologies\ATI.ACE\Core-Static;C:\Program Files\WIDCOMM\Bluetooth Software\;C:\Program Files\WIDCOMM\Bluetooth Software\syswow64;c:\Program Files (x86)\Microsoft SQL Server\90\Tools\binn\;C:\Program Files (x86)\Windows Live\Shared;C:\lib\ext
USERNAME=gokhan
OS=Windows_NT
PROCESSOR_IDENTIFIER=Intel64 Family 6 Model 30 Stepping 5, GenuineIntel



---------------  S Y S T E M  ---------------

OS: Windows 7 Build 7601 Service Pack 1

CPU:total 8 (4 cores per cpu, 2 threads per core) family 6 model 30 stepping 5, cmov, cx8, fxsr, mmx, sse, sse2, sse3, ssse3, sse4.1, sse4.2, popcnt, ht

Memory: 4k page, physical 4117020k(1526572k free), swap 8232192k(5006296k free)

vm_info: Java HotSpot(TM) Client VM (20.0-b11) for windows-x86 JRE (1.6.0_25-b06), built on Apr 14 2011 01:04:32 by "java_re" with MS VC++ 7.1 (VS2003)

time: Thu Jun 23 02:15:47 2011
elapsed time: 1 seconds

