#
# A fatal error has been detected by the Java Runtime Environment:
#
#  EXCEPTION_ACCESS_VIOLATION (0xc0000005) at pc=0x06470360, pid=5716, tid=7292
#
# JRE version: 6.0_25-b06
# Java VM: Java HotSpot(TM) Client VM (20.0-b11 mixed mode, sharing windows-x86 )
# Problematic frame:
# C  [ubitrack.dll+0x20360]
#
# If you would like to submit a bug report, please visit:
#   http://java.sun.com/webapps/bugreport/crash.jsp
# The crash happened outside the Java Virtual Machine in native code.
# See problematic frame for where to report the bug.
#

---------------  T H R E A D  ---------------

Current thread (0x00209800):  JavaThread "main" [_thread_in_native, id=7292, stack(0x003a0000,0x003f0000)]

siginfo: ExceptionCode=0xc0000005, reading address 0x0000001c

Registers:
EAX=0x003ef994, EBX=0x003efb78, ECX=0x00000004, EDX=0x003efa90
ESP=0x003ef950, EBP=0x003efb78, ESI=0x00000004, EDI=0x00209928
EIP=0x06470360, EFLAGS=0x00010202

Top of Stack: (sp=0x003ef950)
0x003ef950:   06473462 003efb78 00000004 003efbac
0x003ef960:   003efb78 ffffffff ffffffff 00000024
0x003ef970:   6dab6d18 0650213c 003ef994 003efb78
0x003ef980:   edec0cb0 00209928 003efa90 003efbac
0x003ef990:   00000000 00000000 00000004 ffffffff
0x003ef9a0:   ffffffff 152d32c9 003efa68 00000000
0x003ef9b0:   00000001 00000a96 003efb50 00000001
0x003ef9c0:   003efa4c 6d9e5cae 003efa38 023f82d0 

Instructions: (pc=0x06470360)
0x06470340:   24 0c 64 89 0d 00 00 00 00 59 5e 83 c4 10 c2 04
0x06470350:   00 cc cc cc cc cc cc cc cc cc cc cc cc cc cc cc
0x06470360:   8b 41 18 56 8b 70 04 80 7e 31 00 57 8b f8 75 31
0x06470370:   53 8b 5c 24 10 55 8b 2d 3c 41 74 06 8d 64 24 00 


Register to memory mapping:

EAX=0x003ef994 is pointing into the stack for thread: 0x00209800
EBX=0x003efb78 is pointing into the stack for thread: 0x00209800
ECX=0x00000004 is an unknown value
EDX=0x003efa90 is pointing into the stack for thread: 0x00209800
ESP=0x003ef950 is pointing into the stack for thread: 0x00209800
EBP=0x003efb78 is pointing into the stack for thread: 0x00209800
ESI=0x00000004 is an unknown value
EDI=0x00209928 is an unknown value


Stack: [0x003a0000,0x003f0000],  sp=0x003ef950,  free space=318k
Native frames: (J=compiled Java code, j=interpreted, Vv=VM code, C=native code)
C  [ubitrack.dll+0x20360]  Ubitrack::Graph::dataflowToGraphviz+0x880
C  0x65736f70

Java frames: (J=compiled Java code, j=interpreted, Vv=VM code)
j  ubitrack.ubitrackJNI.SimpleFacade_setPoseCallback(JLubitrack/SimpleFacade;Ljava/lang/String;JLubitrack/SimplePoseReceiver;)Z+0
j  ubitrack.SimpleFacade.setPoseCallback(Ljava/lang/String;Lubitrack/SimplePoseReceiver;)Z+11
j  utils.UbitrackFacade.setPoseCallback(Ljava/lang/String;Lubitrack/SimplePoseReceiver;)Z+6
j  towerofhanoi.TowerOfHanoi.<init>()V+84
j  towerofhanoi.Main.main([Ljava/lang/String;)V+4
v  ~StubRoutines::call_stub

---------------  P R O C E S S  ---------------

Java Threads: ( => current thread )
  0x04b2e400 JavaThread "J3D-InputDeviceScheduler-1" [_thread_blocked, id=8276, stack(0x0ca00000,0x0ca50000)]
  0x04b2e000 JavaThread "J3D-SoundSchedulerUpdateThread-1" [_thread_blocked, id=8268, stack(0x0c8d0000,0x0c920000)]
  0x04b2d800 JavaThread "J3D-RenderStructureUpdateThread-1" [_thread_blocked, id=8264, stack(0x0c830000,0x0c880000)]
  0x04b2d000 JavaThread "J3D-BehaviorScheduler-1" [_thread_blocked, id=8260, stack(0x0c780000,0x0c7d0000)]
  0x04b2cc00 JavaThread "J3D-TransformStructureUpdateThread-1" [_thread_blocked, id=8256, stack(0x0c580000,0x0c5d0000)]
  0x04b2c400 JavaThread "J3D-RenderingEnvironmentStructureUpdateThread-1" [_thread_blocked, id=8252, stack(0x0c4b0000,0x0c500000)]
  0x04b2c000 JavaThread "J3D-SoundStructureUpdateThread-1" [_thread_blocked, id=8248, stack(0x0c3e0000,0x0c430000)]
  0x04b2b800 JavaThread "J3D-GeometryStructureUpdateThread-1" [_thread_blocked, id=8244, stack(0x0c310000,0x0c360000)]
  0x04b54000 JavaThread "J3D-BehaviorStructureUpdateThread-1" [_thread_blocked, id=8240, stack(0x0c220000,0x0c270000)]
  0x04b7e000 JavaThread "D3D Screen Updater" daemon [_thread_blocked, id=8236, stack(0x0a950000,0x0a9a0000)]
  0x04b3dc00 JavaThread "AWT-EventQueue-0" [_thread_blocked, id=8232, stack(0x0a8c0000,0x0a910000)]
  0x04b4f000 JavaThread "J3D-Renderer-1" [_thread_in_native, id=8228, stack(0x0a830000,0x0a880000)]
  0x04b65000 JavaThread "J3D-MasterControl-1" [_thread_blocked, id=8224, stack(0x0a7a0000,0x0a7f0000)]
  0x04b64c00 JavaThread "J3D-NotificationThread" [_thread_blocked, id=8220, stack(0x0a710000,0x0a760000)]
  0x04ead800 JavaThread "J3D-TimerThread" [_thread_blocked, id=8216, stack(0x0a680000,0x0a6d0000)]
  0x04e8f800 JavaThread "J3D-RenderingAttributesStructureUpdateThread" [_thread_blocked, id=8208, stack(0x0a560000,0x0a5b0000)]
  0x04b26000 JavaThread "AWT-Windows" daemon [_thread_in_native, id=2800, stack(0x05750000,0x057a0000)]
  0x04b25800 JavaThread "AWT-Shutdown" [_thread_blocked, id=6620, stack(0x056c0000,0x05710000)]
  0x04e22800 JavaThread "Java2D Disposer" daemon [_thread_blocked, id=6408, stack(0x055c0000,0x05610000)]
  0x004d9000 JavaThread "Low Memory Detector" daemon [_thread_blocked, id=7424, stack(0x04950000,0x049a0000)]
  0x004d4400 JavaThread "C1 CompilerThread0" daemon [_thread_blocked, id=6468, stack(0x048c0000,0x04910000)]
  0x004d3400 JavaThread "Attach Listener" daemon [_thread_blocked, id=7100, stack(0x04830000,0x04880000)]
  0x004d0400 JavaThread "Signal Dispatcher" daemon [_thread_blocked, id=5380, stack(0x047a0000,0x047f0000)]
  0x004c4800 JavaThread "Finalizer" daemon [_thread_blocked, id=6980, stack(0x04710000,0x04760000)]
  0x004c2c00 JavaThread "Reference Handler" daemon [_thread_blocked, id=5116, stack(0x04680000,0x046d0000)]
=>0x00209800 JavaThread "main" [_thread_in_native, id=7292, stack(0x003a0000,0x003f0000)]

Other Threads:
  0x00486800 VMThread [stack: 0x045f0000,0x04640000] [id=7044]
  0x004ef400 WatcherThread [stack: 0x049e0000,0x04a30000] [id=7112]

VM state:not at safepoint (normal execution)

VM Mutex/Monitor currently owned by a thread: None

Heap
 def new generation   total 4928K, used 3077K [0x24590000, 0x24ae0000, 0x29ae0000)
  eden space 4416K,  62% used [0x24590000, 0x24840b18, 0x249e0000)
  from space 512K,  63% used [0x249e0000, 0x24a30bb0, 0x24a60000)
  to   space 512K,   0% used [0x24a60000, 0x24a60000, 0x24ae0000)
 tenured generation   total 10944K, used 784K [0x29ae0000, 0x2a590000, 0x34590000)
   the space 10944K,   7% used [0x29ae0000, 0x29ba4140, 0x29ba4200, 0x2a590000)
 compacting perm gen  total 12288K, used 3642K [0x34590000, 0x35190000, 0x38590000)
   the space 12288K,  29% used [0x34590000, 0x3491ea40, 0x3491ec00, 0x35190000)
    ro space 10240K,  54% used [0x38590000, 0x38b0e770, 0x38b0e800, 0x38f90000)
    rw space 12288K,  55% used [0x38f90000, 0x39634ac8, 0x39634c00, 0x39b90000)

Code Cache  [0x023f0000, 0x024c0000, 0x043f0000)
 total_blobs=499 nmethods=189 adapters=246 free_code_cache=32717824 largest_free_block=0

Dynamic libraries:
0x00400000 - 0x00424000 	C:\netbeans\jdk32\bin\java.exe
0x779d0000 - 0x77b50000 	C:\Windows\SysWOW64\ntdll.dll
0x75e90000 - 0x75fa0000 	C:\Windows\syswow64\kernel32.dll
0x75d80000 - 0x75dc6000 	C:\Windows\syswow64\KERNELBASE.dll
0x76df0000 - 0x76e90000 	C:\Windows\syswow64\ADVAPI32.dll
0x76c00000 - 0x76cac000 	C:\Windows\syswow64\msvcrt.dll
0x76e90000 - 0x76ea9000 	C:\Windows\SysWOW64\sechost.dll
0x76200000 - 0x762f0000 	C:\Windows\syswow64\RPCRT4.dll
0x750c0000 - 0x75120000 	C:\Windows\syswow64\SspiCli.dll
0x750b0000 - 0x750bc000 	C:\Windows\syswow64\CRYPTBASE.dll
0x7c340000 - 0x7c396000 	C:\netbeans\jdk32\jre\bin\msvcr71.dll
0x6d8a0000 - 0x6db4f000 	C:\netbeans\jdk32\jre\bin\client\jvm.dll
0x76a00000 - 0x76b00000 	C:\Windows\syswow64\USER32.dll
0x76540000 - 0x765d0000 	C:\Windows\syswow64\GDI32.dll
0x761f0000 - 0x761fa000 	C:\Windows\syswow64\LPK.dll
0x76eb0000 - 0x76f4d000 	C:\Windows\syswow64\USP10.dll
0x73730000 - 0x73762000 	C:\Windows\system32\WINMM.dll
0x76900000 - 0x76960000 	C:\Windows\system32\IMM32.DLL
0x76b00000 - 0x76bcc000 	C:\Windows\syswow64\MSCTF.dll
0x70a50000 - 0x70a9c000 	C:\Windows\system32\apphelp.dll
0x6d850000 - 0x6d85c000 	C:\netbeans\jdk32\jre\bin\verify.dll
0x6d3d0000 - 0x6d3ef000 	C:\netbeans\jdk32\jre\bin\java.dll
0x779a0000 - 0x779a5000 	C:\Windows\syswow64\PSAPI.DLL
0x6d890000 - 0x6d89f000 	C:\netbeans\jdk32\jre\bin\zip.dll
0x6d0b0000 - 0x6d1fb000 	C:\netbeans\jdk32\jre\bin\awt.dll
0x74d70000 - 0x74dc1000 	C:\Windows\system32\WINSPOOL.DRV
0x767a0000 - 0x768fc000 	C:\Windows\syswow64\ole32.dll
0x72970000 - 0x72b0e000 	C:\Windows\WinSxS\x86_microsoft.windows.common-controls_6595b64144ccf1df_6.0.7601.17514_none_41e6975e2bd6f2b2\COMCTL32.dll
0x763d0000 - 0x76427000 	C:\Windows\syswow64\SHLWAPI.dll
0x10000000 - 0x1000e000 	C:\netbeans\jdk32\jre\bin\j3dcore-ogl-chk.dll
0x703c0000 - 0x70488000 	C:\Windows\system32\OPENGL32.dll
0x72c60000 - 0x72c82000 	C:\Windows\system32\GLU32.dll
0x73930000 - 0x73a17000 	C:\Windows\system32\DDRAW.dll
0x74c30000 - 0x74c36000 	C:\Windows\system32\DCIMAN32.dll
0x76600000 - 0x7679d000 	C:\Windows\syswow64\SETUPAPI.dll
0x75dd0000 - 0x75df7000 	C:\Windows\syswow64\CFGMGR32.dll
0x76970000 - 0x769ff000 	C:\Windows\syswow64\OLEAUT32.dll
0x76cb0000 - 0x76cc2000 	C:\Windows\syswow64\DEVOBJ.dll
0x712e0000 - 0x712f3000 	C:\Windows\system32\dwmapi.dll
0x72b40000 - 0x72bc0000 	C:\Windows\system32\uxtheme.dll
0x74c10000 - 0x74c17000 	C:\Windows\system32\atiglpxx.dll
0x69030000 - 0x69d28000 	C:\Windows\system32\atioglxx.dll
0x74b90000 - 0x74b99000 	C:\Windows\system32\VERSION.dll
0x76db0000 - 0x76de5000 	C:\Windows\syswow64\WS2_32.dll
0x761e0000 - 0x761e6000 	C:\Windows\syswow64\NSI.dll
0x74290000 - 0x74297000 	C:\Windows\system32\atigktxx.dll
0x04d10000 - 0x04d48000 	C:\Windows\system32\atiadlxy.dll
0x76bd0000 - 0x76bfd000 	C:\Windows\syswow64\WINTRUST.dll
0x760c0000 - 0x761dd000 	C:\Windows\syswow64\CRYPT32.dll
0x75d70000 - 0x75d7c000 	C:\Windows\syswow64\MSASN1.dll
0x6d400000 - 0x6d406000 	C:\netbeans\jdk32\jre\bin\jawt.dll
0x05650000 - 0x05679000 	C:\netbeans\jdk32\jre\bin\j3dcore-ogl.dll
0x053c0000 - 0x053d0000 	C:\lib\ext\ubitrack_java.dll
0x06450000 - 0x067af000 	C:\lib\ext\ubitrack.dll
0x057c0000 - 0x057e7000 	C:\lib\ext\log4cpp.dll
0x73580000 - 0x73587000 	C:\Windows\system32\WSOCK32.dll
0x707f0000 - 0x7087e000 	C:\Windows\WinSxS\x86_microsoft.vc90.crt_1fc8b3b9a1e18e3b_9.0.30729.6161_none_50934f2ebcb7eb57\MSVCP90.dll
0x70120000 - 0x701c3000 	C:\Windows\WinSxS\x86_microsoft.vc90.crt_1fc8b3b9a1e18e3b_9.0.30729.6161_none_50934f2ebcb7eb57\MSVCR90.dll
0x6d2e0000 - 0x6d32f000 	C:\netbeans\jdk32\jre\bin\fontmanager.dll
0x714c0000 - 0x71683000 	C:\Windows\system32\d3d9.dll
0x714b0000 - 0x714b6000 	C:\Windows\system32\d3d8thk.dll
0x74de0000 - 0x74de8000 	C:\Windows\system32\atiu9pag.dll
0x06ec0000 - 0x07236000 	C:\Windows\system32\atiumdag.dll
0x07240000 - 0x0751f000 	C:\Windows\system32\atiumdva.dll
0x75120000 - 0x75d6a000 	C:\Windows\syswow64\shell32.dll
0x0a9a0000 - 0x0aa61000 	C:\Users\gokhan\Documents\NetBeansProjects\TowerOfHanoi\libs\ubitrack\bin\ubitrack\2D3DPoseEstimation.dll
0x0b3f0000 - 0x0b40d000 	C:\Users\gokhan\Documents\NetBeansProjects\TowerOfHanoi\libs\ubitrack\bin\ubitrack\AbsoluteOrientation.dll
0x0b420000 - 0x0b43c000 	C:\Users\gokhan\Documents\NetBeansProjects\TowerOfHanoi\libs\ubitrack\bin\ubitrack\AbsoluteOrientationRANSAC.dll
0x0b450000 - 0x0b468000 	C:\Users\gokhan\Documents\NetBeansProjects\TowerOfHanoi\libs\ubitrack\bin\ubitrack\Accumulator.dll
0x0b690000 - 0x0b6a3000 	C:\Users\gokhan\Documents\NetBeansProjects\TowerOfHanoi\libs\ubitrack\bin\ubitrack\Aggregator.dll
0x06a90000 - 0x06aa3000 	C:\Users\gokhan\Documents\NetBeansProjects\TowerOfHanoi\libs\ubitrack\bin\ubitrack\ApplicationEndpointsVision.dll
0x0b710000 - 0x0b846000 	C:\lib\ext\utvision.dll
0x66e20000 - 0x670a8000 	C:\lib\ext\cv210.dll
0x66c00000 - 0x66e1e000 	C:\lib\ext\cxcore210.dll
0x0b880000 - 0x0b890000 	C:\Users\gokhan\Documents\NetBeansProjects\TowerOfHanoi\libs\ubitrack\bin\ubitrack\ApplicationPullSink.dll
0x0b8a0000 - 0x0b8b6000 	C:\Users\gokhan\Documents\NetBeansProjects\TowerOfHanoi\libs\ubitrack\bin\ubitrack\ApplicationPushSink.dll
0x0b8d0000 - 0x0b8f1000 	C:\Users\gokhan\Documents\NetBeansProjects\TowerOfHanoi\libs\ubitrack\bin\ubitrack\ApplicationPushSource.dll
0x0b910000 - 0x0b93f000 	C:\Users\gokhan\Documents\NetBeansProjects\TowerOfHanoi\libs\ubitrack\bin\ubitrack\art.dll
0x0b950000 - 0x0b95c000 	C:\Users\gokhan\Documents\NetBeansProjects\TowerOfHanoi\libs\ubitrack\bin\ubitrack\artBodyFileReader.dll
0x0b970000 - 0x0ba32000 	C:\Users\gokhan\Documents\NetBeansProjects\TowerOfHanoi\libs\ubitrack\bin\ubitrack\artErrorEstimator.dll
0x0ba50000 - 0x0ba78000 	C:\Users\gokhan\Documents\NetBeansProjects\TowerOfHanoi\libs\ubitrack\bin\ubitrack\artSender.dll
0x0ba90000 - 0x0babf000 	C:\Users\gokhan\Documents\NetBeansProjects\TowerOfHanoi\libs\ubitrack\bin\ubitrack\Average.dll
0x0bad0000 - 0x0bae7000 	C:\Users\gokhan\Documents\NetBeansProjects\TowerOfHanoi\libs\ubitrack\bin\ubitrack\AVIFrameGrabber.dll
0x6fcc0000 - 0x6fd8a000 	C:\lib\ext\highgui210.dll
0x74270000 - 0x74289000 	C:\Windows\system32\AVIFIL32.dll
0x719f0000 - 0x71a04000 	C:\Windows\system32\MSACM32.dll
0x736d0000 - 0x736f1000 	C:\Windows\system32\MSVFW32.dll
0x72c40000 - 0x72c53000 	C:\Windows\system32\AVICAP32.dll
0x72c20000 - 0x72c39000 	C:\Windows\system32\OLEPRO32.DLL
0x0bb40000 - 0x0bb59000 	C:\Users\gokhan\Documents\NetBeansProjects\TowerOfHanoi\libs\ubitrack\bin\ubitrack\Buffer.dll
0x0bbf0000 - 0x0bc7f000 	C:\Users\gokhan\Documents\NetBeansProjects\TowerOfHanoi\libs\ubitrack\bin\ubitrack\CalibFile.dll
0x0bc90000 - 0x0bca4000 	C:\Users\gokhan\Documents\NetBeansProjects\TowerOfHanoi\libs\ubitrack\bin\ubitrack\CalibServer.dll
0x0bcc0000 - 0x0bcdf000 	C:\Users\gokhan\Documents\NetBeansProjects\TowerOfHanoi\libs\ubitrack\bin\ubitrack\CastComponent.dll
0x0bcf0000 - 0x0bd04000 	C:\Users\gokhan\Documents\NetBeansProjects\TowerOfHanoi\libs\ubitrack\bin\ubitrack\ChessBoardDetection.dll
0x0bd20000 - 0x0be20000 	C:\lib\ext\cxcore100.dll
0x0be20000 - 0x0be55000 	C:\lib\ext\libguide40.dll
0x0be60000 - 0x0bf34000 	C:\lib\ext\cv100.dll
0x0c040000 - 0x0c059000 	C:\Users\gokhan\Documents\NetBeansProjects\TowerOfHanoi\libs\ubitrack\bin\ubitrack\ChessboardFunctions.dll
0x0c070000 - 0x0c087000 	C:\Users\gokhan\Documents\NetBeansProjects\TowerOfHanoi\libs\ubitrack\bin\ubitrack\ChessBoardTracking.dll
0x0c0a0000 - 0x0c0bd000 	C:\Users\gokhan\Documents\NetBeansProjects\TowerOfHanoi\libs\ubitrack\bin\ubitrack\Collector.dll
0x0c0d0000 - 0x0c0e0000 	C:\Users\gokhan\Documents\NetBeansProjects\TowerOfHanoi\libs\ubitrack\bin\ubitrack\Color2Grayscale.dll
0x0c100000 - 0x0c10f000 	C:\Users\gokhan\Documents\NetBeansProjects\TowerOfHanoi\libs\ubitrack\bin\ubitrack\Countdown.dll
0x0c120000 - 0x0c13c000 	C:\Users\gokhan\Documents\NetBeansProjects\TowerOfHanoi\libs\ubitrack\bin\ubitrack\CovarianceEstimation.dll
0x0c150000 - 0x0c166000 	C:\Users\gokhan\Documents\NetBeansProjects\TowerOfHanoi\libs\ubitrack\bin\ubitrack\Delay.dll
0x0c180000 - 0x0c197000 	C:\Users\gokhan\Documents\NetBeansProjects\TowerOfHanoi\libs\ubitrack\bin\ubitrack\Direction.dll
0x0c1b0000 - 0x0c1c3000 	C:\Users\gokhan\Documents\NetBeansProjects\TowerOfHanoi\libs\ubitrack\bin\ubitrack\DirectShowFrameGrabber.dll
0x0c270000 - 0x0c287000 	C:\Users\gokhan\Documents\NetBeansProjects\TowerOfHanoi\libs\ubitrack\bin\ubitrack\Distance.dll
0x0c2a0000 - 0x0c2c3000 	C:\Users\gokhan\Documents\NetBeansProjects\TowerOfHanoi\libs\ubitrack\bin\ubitrack\ExponentialSmoothing.dll
0x0c370000 - 0x0c385000 	C:\Users\gokhan\Documents\NetBeansProjects\TowerOfHanoi\libs\ubitrack\bin\ubitrack\FindSubPixelCorner.dll
0x0c430000 - 0x0c43d000 	C:\Users\gokhan\Documents\NetBeansProjects\TowerOfHanoi\libs\ubitrack\bin\ubitrack\FrameBuffer.dll
0x0c450000 - 0x0c466000 	C:\Users\gokhan\Documents\NetBeansProjects\TowerOfHanoi\libs\ubitrack\bin\ubitrack\FunctionalFusion.dll
0x0c510000 - 0x0c53c000 	C:\Users\gokhan\Documents\NetBeansProjects\TowerOfHanoi\libs\ubitrack\bin\ubitrack\Gate.dll
0x0c6e0000 - 0x0c6f8000 	C:\Users\gokhan\Documents\NetBeansProjects\TowerOfHanoi\libs\ubitrack\bin\ubitrack\gps.dll
0x0c710000 - 0x0c72b000 	C:\Users\gokhan\Documents\NetBeansProjects\TowerOfHanoi\libs\ubitrack\bin\ubitrack\HandEyeCalibration.dll
0x0c7d0000 - 0x0c7e6000 	C:\Users\gokhan\Documents\NetBeansProjects\TowerOfHanoi\libs\ubitrack\bin\ubitrack\HighguiFrameGrabber.dll
0x0c920000 - 0x0c943000 	C:\Users\gokhan\Documents\NetBeansProjects\TowerOfHanoi\libs\ubitrack\bin\ubitrack\HighguiWindow.dll
0x0c960000 - 0x0c97a000 	C:\Users\gokhan\Documents\NetBeansProjects\TowerOfHanoi\libs\ubitrack\bin\ubitrack\Identity.dll
0x0c990000 - 0x0c9a7000 	C:\Users\gokhan\Documents\NetBeansProjects\TowerOfHanoi\libs\ubitrack\bin\ubitrack\ImageFileFrameGrabber.dll
0x0ca50000 - 0x0ca5d000 	C:\Users\gokhan\Documents\NetBeansProjects\TowerOfHanoi\libs\ubitrack\bin\ubitrack\ImageFileRecorder.dll
0x0ca70000 - 0x0ca81000 	C:\Users\gokhan\Documents\NetBeansProjects\TowerOfHanoi\libs\ubitrack\bin\ubitrack\ImageGate.dll
0x0caa0000 - 0x0caad000 	C:\Users\gokhan\Documents\NetBeansProjects\TowerOfHanoi\libs\ubitrack\bin\ubitrack\ImageIO.dll
0x0cac0000 - 0x0cb2e000 	C:\Users\gokhan\Documents\NetBeansProjects\TowerOfHanoi\libs\ubitrack\bin\ubitrack\ImagePointPlaneIntersection.dll
0x0cb40000 - 0x0cb50000 	C:\Users\gokhan\Documents\NetBeansProjects\TowerOfHanoi\libs\ubitrack\bin\ubitrack\ImageShrink.dll
0x0cb90000 - 0x0cbae000 	C:\Users\gokhan\Documents\NetBeansProjects\TowerOfHanoi\libs\ubitrack\bin\ubitrack\Intrinsic.dll
0x0cb60000 - 0x0cb85000 	C:\Users\gokhan\Documents\NetBeansProjects\TowerOfHanoi\libs\ubitrack\bin\ubitrack\Inversion.dll
0x0cc00000 - 0x0cc1d000 	C:\Users\gokhan\Documents\NetBeansProjects\TowerOfHanoi\libs\ubitrack\bin\ubitrack\kuka.dll
0x0cc30000 - 0x0cc47000 	C:\Users\gokhan\Documents\NetBeansProjects\TowerOfHanoi\libs\ubitrack\bin\ubitrack\LightPointDetection.dll
0x0cc60000 - 0x0cc75000 	C:\Users\gokhan\Documents\NetBeansProjects\TowerOfHanoi\libs\ubitrack\bin\ubitrack\LinearInterpolation.dll

VM Arguments:
jvm_args: -Dfile.encoding=x-MacTurkish 
java_command: towerofhanoi.Main
Launcher Type: SUN_STANDARD

Environment Variables:
PATH=C:\Program Files (x86)\Nokia\PC Connectivity Solution\;C:\Program Files\Common Files\Microsoft Shared\Windows Live;C:\Program Files (x86)\Common Files\Microsoft Shared\Windows Live;C:\Windows\system32;C:\Windows;C:\Windows\System32\Wbem;C:\Windows\System32\WindowsPowerShell\v1.0\;C:\Program Files (x86)\ATI Technologies\ATI.ACE\Core-Static;C:\Program Files\WIDCOMM\Bluetooth Software\;C:\Program Files\WIDCOMM\Bluetooth Software\syswow64;c:\Program Files (x86)\Microsoft SQL Server\90\Tools\binn\;C:\Program Files (x86)\Windows Live\Shared;C:\lib\ext
USERNAME=gokhan
OS=Windows_NT
PROCESSOR_IDENTIFIER=Intel64 Family 6 Model 30 Stepping 5, GenuineIntel



---------------  S Y S T E M  ---------------

OS: Windows 7 Build 7601 Service Pack 1

CPU:total 8 (4 cores per cpu, 2 threads per core) family 6 model 30 stepping 5, cmov, cx8, fxsr, mmx, sse, sse2, sse3, ssse3, sse4.1, sse4.2, popcnt, ht

Memory: 4k page, physical 4117020k(1514520k free), swap 8232192k(5027948k free)

vm_info: Java HotSpot(TM) Client VM (20.0-b11) for windows-x86 JRE (1.6.0_25-b06), built on Apr 14 2011 01:04:32 by "java_re" with MS VC++ 7.1 (VS2003)

time: Thu Jun 23 02:16:39 2011
elapsed time: 1 seconds

