#
# A fatal error has been detected by the Java Runtime Environment:
#
#  EXCEPTION_ACCESS_VIOLATION (0xc0000005) at pc=0x06270360, pid=5312, tid=5516
#
# JRE version: 6.0_25-b06
# Java VM: Java HotSpot(TM) Client VM (20.0-b11 mixed mode, sharing windows-x86 )
# Problematic frame:
# C  [ubitrack.dll+0x20360]
#
# If you would like to submit a bug report, please visit:
#   http://java.sun.com/webapps/bugreport/crash.jsp
# The crash happened outside the Java Virtual Machine in native code.
# See problematic frame for where to report the bug.
#

---------------  T H R E A D  ---------------

Current thread (0x001f9800):  JavaThread "main" [_thread_in_native, id=5516, stack(0x00430000,0x00480000)]

siginfo: ExceptionCode=0xc0000005, reading address 0x0000001c

Registers:
EAX=0x0047f994, EBX=0x0047fb78, ECX=0x00000004, EDX=0x0047fa90
ESP=0x0047f950, EBP=0x0047fb78, ESI=0x00000004, EDI=0x001f9928
EIP=0x06270360, EFLAGS=0x00010202

Top of Stack: (sp=0x0047f950)
0x0047f950:   06273462 0047fb78 00000004 0047fbac
0x0047f960:   0047fb78 ffffffff ffffffff 00000024
0x0047f970:   6dab6d18 0630213c 0047f994 0047fb78
0x0047f980:   c21f515c 001f9928 0047fa90 0047fbac
0x0047f990:   00000000 00000000 00000004 ffffffff
0x0047f9a0:   ffffffff 152d32c9 0047fa68 00000000
0x0047f9b0:   00000001 00000a96 0047fb50 00000001
0x0047f9c0:   00000002 04b91eb8 04d7cb48 02430048 

Instructions: (pc=0x06270360)
0x06270340:   24 0c 64 89 0d 00 00 00 00 59 5e 83 c4 10 c2 04
0x06270350:   00 cc cc cc cc cc cc cc cc cc cc cc cc cc cc cc
0x06270360:   8b 41 18 56 8b 70 04 80 7e 31 00 57 8b f8 75 31
0x06270370:   53 8b 5c 24 10 55 8b 2d 3c 41 54 06 8d 64 24 00 


Register to memory mapping:

EAX=0x0047f994 is pointing into the stack for thread: 0x001f9800
EBX=0x0047fb78 is pointing into the stack for thread: 0x001f9800
ECX=0x00000004 is an unknown value
EDX=0x0047fa90 is pointing into the stack for thread: 0x001f9800
ESP=0x0047f950 is pointing into the stack for thread: 0x001f9800
EBP=0x0047fb78 is pointing into the stack for thread: 0x001f9800
ESI=0x00000004 is an unknown value
EDI=0x001f9928 is an unknown value


Stack: [0x00430000,0x00480000],  sp=0x0047f950,  free space=318k
Native frames: (J=compiled Java code, j=interpreted, Vv=VM code, C=native code)
C  [ubitrack.dll+0x20360]  Ubitrack::Graph::dataflowToGraphviz+0x880
C  0x65736f70

Java frames: (J=compiled Java code, j=interpreted, Vv=VM code)
j  ubitrack.ubitrackJNI.SimpleFacade_setPoseCallback(JLubitrack/SimpleFacade;Ljava/lang/String;JLubitrack/SimplePoseReceiver;)Z+0
j  ubitrack.SimpleFacade.setPoseCallback(Ljava/lang/String;Lubitrack/SimplePoseReceiver;)Z+11
j  utils.UbitrackFacade.setPoseCallback(Ljava/lang/String;Lubitrack/SimplePoseReceiver;)Z+6
j  towerofhanoi.TowerOfHanoi.<init>()V+223
j  towerofhanoi.Main.main([Ljava/lang/String;)V+4
v  ~StubRoutines::call_stub

---------------  P R O C E S S  ---------------

Java Threads: ( => current thread )
  0x04c3cc00 JavaThread "J3D-InputDeviceScheduler-1" [_thread_blocked, id=4956, stack(0x0c3b0000,0x0c400000)]
  0x04c3c800 JavaThread "J3D-SoundSchedulerUpdateThread-1" [_thread_blocked, id=2296, stack(0x0c2e0000,0x0c330000)]
  0x04c3c000 JavaThread "J3D-RenderStructureUpdateThread-1" [_thread_blocked, id=1736, stack(0x0c210000,0x0c260000)]
  0x04c3bc00 JavaThread "J3D-BehaviorScheduler-1" [_thread_blocked, id=3468, stack(0x0c050000,0x0c0a0000)]
  0x04c3b400 JavaThread "J3D-TransformStructureUpdateThread-1" [_thread_blocked, id=5988, stack(0x0bf60000,0x0bfb0000)]
  0x04c3ac00 JavaThread "J3D-RenderingEnvironmentStructureUpdateThread-1" [_thread_blocked, id=5400, stack(0x0bea0000,0x0bef0000)]
  0x04c3a800 JavaThread "J3D-SoundStructureUpdateThread-1" [_thread_blocked, id=3080, stack(0x0bdd0000,0x0be20000)]
  0x04c3a000 JavaThread "J3D-GeometryStructureUpdateThread-1" [_thread_blocked, id=3292, stack(0x0bd10000,0x0bd60000)]
  0x04c39c00 JavaThread "J3D-BehaviorStructureUpdateThread-1" [_thread_blocked, id=5856, stack(0x0bc60000,0x0bcb0000)]
  0x04c39400 JavaThread "D3D Screen Updater" daemon [_thread_blocked, id=5760, stack(0x0afa0000,0x0aff0000)]
  0x04c39000 JavaThread "AWT-EventQueue-0" [_thread_in_native, id=132, stack(0x0a290000,0x0a2e0000)]
  0x04c38800 JavaThread "J3D-Renderer-1" [_thread_in_native, id=5524, stack(0x0a200000,0x0a250000)]
  0x04c38000 JavaThread "J3D-MasterControl-1" [_thread_blocked, id=2568, stack(0x0a170000,0x0a1c0000)]
  0x04c37c00 JavaThread "J3D-NotificationThread" [_thread_blocked, id=4220, stack(0x0a0e0000,0x0a130000)]
  0x04c37400 JavaThread "J3D-TimerThread" [_thread_blocked, id=2732, stack(0x0a050000,0x0a0a0000)]
  0x04c37000 JavaThread "J3D-RenderingAttributesStructureUpdateThread" [_thread_blocked, id=976, stack(0x09fc0000,0x0a010000)]
  0x04c36800 JavaThread "AWT-Windows" daemon [_thread_in_native, id=5728, stack(0x06180000,0x061d0000)]
  0x04c36400 JavaThread "AWT-Shutdown" [_thread_blocked, id=3232, stack(0x060f0000,0x06140000)]
  0x04c35c00 JavaThread "Java2D Disposer" daemon [_thread_blocked, id=5544, stack(0x05470000,0x054c0000)]
  0x024de000 JavaThread "Low Memory Detector" daemon [_thread_blocked, id=2692, stack(0x04980000,0x049d0000)]
  0x024d4400 JavaThread "C1 CompilerThread0" daemon [_thread_blocked, id=3316, stack(0x048f0000,0x04940000)]
  0x024d3400 JavaThread "Attach Listener" daemon [_thread_blocked, id=4236, stack(0x04860000,0x048b0000)]
  0x024d0400 JavaThread "Signal Dispatcher" daemon [_thread_blocked, id=5416, stack(0x047d0000,0x04820000)]
  0x024c4c00 JavaThread "Finalizer" daemon [_thread_blocked, id=2844, stack(0x04740000,0x04790000)]
  0x024c2c00 JavaThread "Reference Handler" daemon [_thread_blocked, id=4384, stack(0x046b0000,0x04700000)]
=>0x001f9800 JavaThread "main" [_thread_in_native, id=5516, stack(0x00430000,0x00480000)]

Other Threads:
  0x02486800 VMThread [stack: 0x04620000,0x04670000] [id=5076]
  0x024ef400 WatcherThread [stack: 0x04a10000,0x04a60000] [id=5744]

VM state:not at safepoint (normal execution)

VM Mutex/Monitor currently owned by a thread: None

Heap
 def new generation   total 4928K, used 3329K [0x24590000, 0x24ae0000, 0x29ae0000)
  eden space 4416K,  67% used [0x24590000, 0x24878e60, 0x249e0000)
  from space 512K,  68% used [0x249e0000, 0x24a375e0, 0x24a60000)
  to   space 512K,   0% used [0x24a60000, 0x24a60000, 0x24ae0000)
 tenured generation   total 10944K, used 976K [0x29ae0000, 0x2a590000, 0x34590000)
   the space 10944K,   8% used [0x29ae0000, 0x29bd4328, 0x29bd4400, 0x2a590000)
 compacting perm gen  total 12288K, used 3646K [0x34590000, 0x35190000, 0x38590000)
   the space 12288K,  29% used [0x34590000, 0x3491fa80, 0x3491fc00, 0x35190000)
    ro space 10240K,  54% used [0x38590000, 0x38b0e770, 0x38b0e800, 0x38f90000)
    rw space 12288K,  55% used [0x38f90000, 0x39634ac8, 0x39634c00, 0x39b90000)

Code Cache  [0x02530000, 0x02600000, 0x04530000)
 total_blobs=505 nmethods=195 adapters=246 free_code_cache=32724672 largest_free_block=0

Dynamic libraries:
0x00400000 - 0x00424000 	C:\netbeans\jdk32\bin\java.exe
0x774a0000 - 0x77620000 	C:\Windows\SysWOW64\ntdll.dll
0x768b0000 - 0x769c0000 	C:\Windows\syswow64\kernel32.dll
0x757a0000 - 0x757e6000 	C:\Windows\syswow64\KERNELBASE.dll
0x756a0000 - 0x75740000 	C:\Windows\syswow64\ADVAPI32.dll
0x754e0000 - 0x7558c000 	C:\Windows\syswow64\msvcrt.dll
0x76bc0000 - 0x76bd9000 	C:\Windows\SysWOW64\sechost.dll
0x76450000 - 0x76540000 	C:\Windows\syswow64\RPCRT4.dll
0x74b90000 - 0x74bf0000 	C:\Windows\syswow64\SspiCli.dll
0x74b80000 - 0x74b8c000 	C:\Windows\syswow64\CRYPTBASE.dll
0x7c340000 - 0x7c396000 	C:\netbeans\jdk32\jre\bin\msvcr71.dll
0x6d8a0000 - 0x6db4f000 	C:\netbeans\jdk32\jre\bin\client\jvm.dll
0x750b0000 - 0x751b0000 	C:\Windows\syswow64\USER32.dll
0x74f90000 - 0x75020000 	C:\Windows\syswow64\GDI32.dll
0x751b0000 - 0x751ba000 	C:\Windows\syswow64\LPK.dll
0x74c30000 - 0x74ccd000 	C:\Windows\syswow64\USP10.dll
0x74320000 - 0x74352000 	C:\Windows\system32\WINMM.dll
0x76b10000 - 0x76b70000 	C:\Windows\system32\IMM32.DLL
0x76a40000 - 0x76b0c000 	C:\Windows\syswow64\MSCTF.dll
0x71190000 - 0x711dc000 	C:\Windows\system32\apphelp.dll
0x6d850000 - 0x6d85c000 	C:\netbeans\jdk32\jre\bin\verify.dll
0x6d3d0000 - 0x6d3ef000 	C:\netbeans\jdk32\jre\bin\java.dll
0x768a0000 - 0x768a5000 	C:\Windows\syswow64\PSAPI.DLL
0x6d890000 - 0x6d89f000 	C:\netbeans\jdk32\jre\bin\zip.dll
0x10000000 - 0x1000e000 	C:\netbeans\jdk32\jre\bin\j3dcore-ogl-chk.dll
0x725e0000 - 0x726a8000 	C:\Windows\system32\OPENGL32.dll
0x73e60000 - 0x73e82000 	C:\Windows\system32\GLU32.dll
0x731d0000 - 0x732b7000 	C:\Windows\system32\DDRAW.dll
0x74070000 - 0x74076000 	C:\Windows\system32\DCIMAN32.dll
0x751c0000 - 0x7535d000 	C:\Windows\syswow64\SETUPAPI.dll
0x74c00000 - 0x74c27000 	C:\Windows\syswow64\CFGMGR32.dll
0x76540000 - 0x765cf000 	C:\Windows\syswow64\OLEAUT32.dll
0x74df0000 - 0x74f4c000 	C:\Windows\syswow64\ole32.dll
0x76a20000 - 0x76a32000 	C:\Windows\syswow64\DEVOBJ.dll
0x72120000 - 0x72133000 	C:\Windows\system32\dwmapi.dll
0x72140000 - 0x721c0000 	C:\Windows\system32\uxtheme.dll
0x74000000 - 0x74007000 	C:\Windows\system32\atiglpxx.dll
0x69030000 - 0x69d28000 	C:\Windows\system32\atioglxx.dll
0x72110000 - 0x72119000 	C:\Windows\system32\VERSION.dll
0x74f50000 - 0x74f85000 	C:\Windows\syswow64\WS2_32.dll
0x74bf0000 - 0x74bf6000 	C:\Windows\syswow64\NSI.dll
0x73ff0000 - 0x73ff7000 	C:\Windows\system32\atigktxx.dll
0x05140000 - 0x05178000 	C:\Windows\system32\atiadlxy.dll
0x754b0000 - 0x754dd000 	C:\Windows\syswow64\WINTRUST.dll
0x75390000 - 0x754ad000 	C:\Windows\syswow64\CRYPT32.dll
0x757f0000 - 0x757fc000 	C:\Windows\syswow64\MSASN1.dll
0x6d0b0000 - 0x6d1fb000 	C:\netbeans\jdk32\jre\bin\awt.dll
0x74360000 - 0x743b1000 	C:\Windows\system32\WINSPOOL.DRV
0x72400000 - 0x7259e000 	C:\Windows\WinSxS\x86_microsoft.windows.common-controls_6595b64144ccf1df_6.0.7601.17514_none_41e6975e2bd6f2b2\COMCTL32.dll
0x75740000 - 0x75797000 	C:\Windows\syswow64\SHLWAPI.dll
0x6d400000 - 0x6d406000 	C:\netbeans\jdk32\jre\bin\jawt.dll
0x05200000 - 0x05229000 	C:\netbeans\jdk32\jre\bin\j3dcore-ogl.dll
0x05190000 - 0x051a0000 	C:\lib\ext\ubitrack_java.dll
0x06250000 - 0x065af000 	C:\lib\ext\ubitrack.dll
0x061d0000 - 0x061f7000 	C:\lib\ext\log4cpp.dll
0x73050000 - 0x73057000 	C:\Windows\system32\WSOCK32.dll
0x73310000 - 0x7339e000 	C:\Windows\WinSxS\x86_microsoft.vc90.crt_1fc8b3b9a1e18e3b_9.0.30729.6161_none_50934f2ebcb7eb57\MSVCP90.dll
0x6bac0000 - 0x6bb63000 	C:\Windows\WinSxS\x86_microsoft.vc90.crt_1fc8b3b9a1e18e3b_9.0.30729.6161_none_50934f2ebcb7eb57\MSVCR90.dll
0x6d2e0000 - 0x6d32f000 	C:\netbeans\jdk32\jre\bin\fontmanager.dll
0x6fea0000 - 0x70063000 	C:\Windows\system32\d3d9.dll
0x73e50000 - 0x73e56000 	C:\Windows\system32\d3d8thk.dll
0x73e40000 - 0x73e48000 	C:\Windows\system32\atiu9pag.dll
0x67f00000 - 0x68276000 	C:\Windows\system32\atiumdag.dll
0x67c20000 - 0x67eff000 	C:\Windows\system32\atiumdva.dll
0x75800000 - 0x7644a000 	C:\Windows\syswow64\shell32.dll
0x0a2e0000 - 0x0a3a1000 	C:\Users\gokhan\Documents\NetBeansProjects\TowerOfHanoi\libs\ubitrack\bin\ubitrack\2D3DPoseEstimation.dll
0x0a3b0000 - 0x0a3cd000 	C:\Users\gokhan\Documents\NetBeansProjects\TowerOfHanoi\libs\ubitrack\bin\ubitrack\AbsoluteOrientation.dll
0x0a3d0000 - 0x0a3ec000 	C:\Users\gokhan\Documents\NetBeansProjects\TowerOfHanoi\libs\ubitrack\bin\ubitrack\AbsoluteOrientationRANSAC.dll
0x0a3f0000 - 0x0a408000 	C:\Users\gokhan\Documents\NetBeansProjects\TowerOfHanoi\libs\ubitrack\bin\ubitrack\Accumulator.dll
0x0a420000 - 0x0a433000 	C:\Users\gokhan\Documents\NetBeansProjects\TowerOfHanoi\libs\ubitrack\bin\ubitrack\Aggregator.dll
0x0adc0000 - 0x0add3000 	C:\Users\gokhan\Documents\NetBeansProjects\TowerOfHanoi\libs\ubitrack\bin\ubitrack\ApplicationEndpointsVision.dll
0x0adf0000 - 0x0af26000 	C:\lib\ext\utvision.dll
0x703c0000 - 0x70648000 	C:\lib\ext\cv210.dll
0x6de00000 - 0x6e01e000 	C:\lib\ext\cxcore210.dll
0x0aff0000 - 0x0b000000 	C:\Users\gokhan\Documents\NetBeansProjects\TowerOfHanoi\libs\ubitrack\bin\ubitrack\ApplicationPullSink.dll
0x0b010000 - 0x0b026000 	C:\Users\gokhan\Documents\NetBeansProjects\TowerOfHanoi\libs\ubitrack\bin\ubitrack\ApplicationPushSink.dll
0x0b040000 - 0x0b061000 	C:\Users\gokhan\Documents\NetBeansProjects\TowerOfHanoi\libs\ubitrack\bin\ubitrack\ApplicationPushSource.dll
0x0b2e0000 - 0x0b30f000 	C:\Users\gokhan\Documents\NetBeansProjects\TowerOfHanoi\libs\ubitrack\bin\ubitrack\art.dll
0x0b320000 - 0x0b32c000 	C:\Users\gokhan\Documents\NetBeansProjects\TowerOfHanoi\libs\ubitrack\bin\ubitrack\artBodyFileReader.dll
0x0b340000 - 0x0b402000 	C:\Users\gokhan\Documents\NetBeansProjects\TowerOfHanoi\libs\ubitrack\bin\ubitrack\artErrorEstimator.dll
0x0b410000 - 0x0b438000 	C:\Users\gokhan\Documents\NetBeansProjects\TowerOfHanoi\libs\ubitrack\bin\ubitrack\artSender.dll
0x0b440000 - 0x0b46f000 	C:\Users\gokhan\Documents\NetBeansProjects\TowerOfHanoi\libs\ubitrack\bin\ubitrack\Average.dll
0x0b470000 - 0x0b487000 	C:\Users\gokhan\Documents\NetBeansProjects\TowerOfHanoi\libs\ubitrack\bin\ubitrack\AVIFrameGrabber.dll
0x71c00000 - 0x71cca000 	C:\lib\ext\highgui210.dll
0x73e20000 - 0x73e39000 	C:\Windows\system32\AVIFIL32.dll
0x711e0000 - 0x711f4000 	C:\Windows\system32\MSACM32.dll
0x739b0000 - 0x739d1000 	C:\Windows\system32\MSVFW32.dll
0x73990000 - 0x739a3000 	C:\Windows\system32\AVICAP32.dll
0x73970000 - 0x73989000 	C:\Windows\system32\OLEPRO32.DLL
0x0b4d0000 - 0x0b4e9000 	C:\Users\gokhan\Documents\NetBeansProjects\TowerOfHanoi\libs\ubitrack\bin\ubitrack\Buffer.dll
0x0b500000 - 0x0b58f000 	C:\Users\gokhan\Documents\NetBeansProjects\TowerOfHanoi\libs\ubitrack\bin\ubitrack\CalibFile.dll
0x0b5a0000 - 0x0b5b4000 	C:\Users\gokhan\Documents\NetBeansProjects\TowerOfHanoi\libs\ubitrack\bin\ubitrack\CalibServer.dll
0x0b5d0000 - 0x0b5ef000 	C:\Users\gokhan\Documents\NetBeansProjects\TowerOfHanoi\libs\ubitrack\bin\ubitrack\CastComponent.dll
0x0b610000 - 0x0b624000 	C:\Users\gokhan\Documents\NetBeansProjects\TowerOfHanoi\libs\ubitrack\bin\ubitrack\ChessBoardDetection.dll
0x0b640000 - 0x0b740000 	C:\lib\ext\cxcore100.dll
0x0b740000 - 0x0b775000 	C:\lib\ext\libguide40.dll
0x0b780000 - 0x0b854000 	C:\lib\ext\cv100.dll
0x0b8e0000 - 0x0b8f9000 	C:\Users\gokhan\Documents\NetBeansProjects\TowerOfHanoi\libs\ubitrack\bin\ubitrack\ChessboardFunctions.dll
0x0ba20000 - 0x0ba37000 	C:\Users\gokhan\Documents\NetBeansProjects\TowerOfHanoi\libs\ubitrack\bin\ubitrack\ChessBoardTracking.dll
0x0ba50000 - 0x0ba6d000 	C:\Users\gokhan\Documents\NetBeansProjects\TowerOfHanoi\libs\ubitrack\bin\ubitrack\Collector.dll
0x0ba80000 - 0x0ba90000 	C:\Users\gokhan\Documents\NetBeansProjects\TowerOfHanoi\libs\ubitrack\bin\ubitrack\Color2Grayscale.dll
0x0baa0000 - 0x0baaf000 	C:\Users\gokhan\Documents\NetBeansProjects\TowerOfHanoi\libs\ubitrack\bin\ubitrack\Countdown.dll
0x0bac0000 - 0x0badc000 	C:\Users\gokhan\Documents\NetBeansProjects\TowerOfHanoi\libs\ubitrack\bin\ubitrack\CovarianceEstimation.dll
0x0baf0000 - 0x0bb06000 	C:\Users\gokhan\Documents\NetBeansProjects\TowerOfHanoi\libs\ubitrack\bin\ubitrack\Delay.dll
0x0bb20000 - 0x0bb37000 	C:\Users\gokhan\Documents\NetBeansProjects\TowerOfHanoi\libs\ubitrack\bin\ubitrack\Direction.dll
0x0bb50000 - 0x0bb63000 	C:\Users\gokhan\Documents\NetBeansProjects\TowerOfHanoi\libs\ubitrack\bin\ubitrack\DirectShowFrameGrabber.dll
0x0bb80000 - 0x0bb97000 	C:\Users\gokhan\Documents\NetBeansProjects\TowerOfHanoi\libs\ubitrack\bin\ubitrack\Distance.dll
0x0bbb0000 - 0x0bbd3000 	C:\Users\gokhan\Documents\NetBeansProjects\TowerOfHanoi\libs\ubitrack\bin\ubitrack\ExponentialSmoothing.dll
0x0bbf0000 - 0x0bc05000 	C:\Users\gokhan\Documents\NetBeansProjects\TowerOfHanoi\libs\ubitrack\bin\ubitrack\FindSubPixelCorner.dll
0x0bcb0000 - 0x0bcbd000 	C:\Users\gokhan\Documents\NetBeansProjects\TowerOfHanoi\libs\ubitrack\bin\ubitrack\FrameBuffer.dll
0x0bd60000 - 0x0bd76000 	C:\Users\gokhan\Documents\NetBeansProjects\TowerOfHanoi\libs\ubitrack\bin\ubitrack\FunctionalFusion.dll
0x0be20000 - 0x0be4c000 	C:\Users\gokhan\Documents\NetBeansProjects\TowerOfHanoi\libs\ubitrack\bin\ubitrack\Gate.dll
0x0bef0000 - 0x0bf08000 	C:\Users\gokhan\Documents\NetBeansProjects\TowerOfHanoi\libs\ubitrack\bin\ubitrack\gps.dll
0x0bfb0000 - 0x0bfcb000 	C:\Users\gokhan\Documents\NetBeansProjects\TowerOfHanoi\libs\ubitrack\bin\ubitrack\HandEyeCalibration.dll
0x0bfe0000 - 0x0bff6000 	C:\Users\gokhan\Documents\NetBeansProjects\TowerOfHanoi\libs\ubitrack\bin\ubitrack\HighguiFrameGrabber.dll
0x0c1a0000 - 0x0c1c3000 	C:\Users\gokhan\Documents\NetBeansProjects\TowerOfHanoi\libs\ubitrack\bin\ubitrack\HighguiWindow.dll
0x0c270000 - 0x0c28a000 	C:\Users\gokhan\Documents\NetBeansProjects\TowerOfHanoi\libs\ubitrack\bin\ubitrack\Identity.dll
0x0c330000 - 0x0c347000 	C:\Users\gokhan\Documents\NetBeansProjects\TowerOfHanoi\libs\ubitrack\bin\ubitrack\ImageFileFrameGrabber.dll
0x0c360000 - 0x0c36d000 	C:\Users\gokhan\Documents\NetBeansProjects\TowerOfHanoi\libs\ubitrack\bin\ubitrack\ImageFileRecorder.dll
0x0c410000 - 0x0c421000 	C:\Users\gokhan\Documents\NetBeansProjects\TowerOfHanoi\libs\ubitrack\bin\ubitrack\ImageGate.dll
0x0c440000 - 0x0c44d000 	C:\Users\gokhan\Documents\NetBeansProjects\TowerOfHanoi\libs\ubitrack\bin\ubitrack\ImageIO.dll
0x0c460000 - 0x0c4ce000 	C:\Users\gokhan\Documents\NetBeansProjects\TowerOfHanoi\libs\ubitrack\bin\ubitrack\ImagePointPlaneIntersection.dll
0x0c4e0000 - 0x0c4f0000 	C:\Users\gokhan\Documents\NetBeansProjects\TowerOfHanoi\libs\ubitrack\bin\ubitrack\ImageShrink.dll
0x0c530000 - 0x0c54e000 	C:\Users\gokhan\Documents\NetBeansProjects\TowerOfHanoi\libs\ubitrack\bin\ubitrack\Intrinsic.dll
0x0c590000 - 0x0c5b5000 	C:\Users\gokhan\Documents\NetBeansProjects\TowerOfHanoi\libs\ubitrack\bin\ubitrack\Inversion.dll
0x0c510000 - 0x0c52d000 	C:\Users\gokhan\Documents\NetBeansProjects\TowerOfHanoi\libs\ubitrack\bin\ubitrack\kuka.dll
0x0c5d0000 - 0x0c5e7000 	C:\Users\gokhan\Documents\NetBeansProjects\TowerOfHanoi\libs\ubitrack\bin\ubitrack\LightPointDetection.dll
0x0c600000 - 0x0c615000 	C:\Users\gokhan\Documents\NetBeansProjects\TowerOfHanoi\libs\ubitrack\bin\ubitrack\LinearInterpolation.dll

VM Arguments:
jvm_args: -Dfile.encoding=x-MacTurkish 
java_command: towerofhanoi.Main
Launcher Type: SUN_STANDARD

Environment Variables:
PATH=C:\Program Files (x86)\Nokia\PC Connectivity Solution\;C:\Program Files\Common Files\Microsoft Shared\Windows Live;C:\Program Files (x86)\Common Files\Microsoft Shared\Windows Live;C:\Windows\system32;C:\Windows;C:\Windows\System32\Wbem;C:\Windows\System32\WindowsPowerShell\v1.0\;C:\Program Files (x86)\ATI Technologies\ATI.ACE\Core-Static;C:\Program Files\WIDCOMM\Bluetooth Software\;C:\Program Files\WIDCOMM\Bluetooth Software\syswow64;c:\Program Files (x86)\Microsoft SQL Server\90\Tools\binn\;C:\Program Files (x86)\Windows Live\Shared;C:\lib\ext
USERNAME=gokhan
OS=Windows_NT
PROCESSOR_IDENTIFIER=Intel64 Family 6 Model 30 Stepping 5, GenuineIntel



---------------  S Y S T E M  ---------------

OS: Windows 7 Build 7601 Service Pack 1

CPU:total 8 (4 cores per cpu, 2 threads per core) family 6 model 30 stepping 5, cmov, cx8, fxsr, mmx, sse, sse2, sse3, ssse3, sse4.1, sse4.2, popcnt, ht

Memory: 4k page, physical 4117020k(1868036k free), swap 8232192k(5749412k free)

vm_info: Java HotSpot(TM) Client VM (20.0-b11) for windows-x86 JRE (1.6.0_25-b06), built on Apr 14 2011 01:04:32 by "java_re" with MS VC++ 7.1 (VS2003)

time: Wed Jul 06 21:32:25 2011
elapsed time: 15 seconds

